2023-09-05 10:13:03,081 INFO Running command to acquire an image: ims100_testapp -R 8 -G 8 -B 8 -c /dev/cam_tty -m /dev/cam_sd -v 0 -n 1 -p -e 2 >> /home/exp1000/logs/opssat_smartcam_20230905_101302.log 2>&1

ctrl port                    : /dev/cam_tty
data port                    : /dev/cam_sd
exposure time                : 2
number of images             : 1
milliseconds between images  : 0
bw img sensor                : 0
default conf                 : 1
video duration               : 0
gain (RGB)                   : 8 8 8
-------------------------


BST IMS100 Telemetry:
    version : 
    status  : 00
    temp[°C]: 0

Set config, Starting picture taking 
exit success
2023-09-05 10:13:29,145 INFO Acquired image: /home/exp1000/img_msec_1693908785982_2.png
2023-09-05 10:13:29,148 INFO Running command to create thumbnail: /home/exp1000/bin/armhf/resizer/resize -i /home/exp1000/img_msec_1693908785982_2.png -x 614 -y 583 -c 3 -q 90 -o /home/exp1000/img_msec_1693908785982_2_thumbnail.jpeg
2023-09-05 10:13:31,277 INFO Resized: 2048 x 1944 --> 614 x 583
2023-09-05 10:13:31,279 INFO Resize execution time:
real	0m 2.10s
user	0m 1.84s
sys	0m 0.19s
2023-09-05 10:13:31,283 INFO Labeling the image using the 'default' model.
2023-09-05 10:13:31,284 INFO Running command to create input: /home/exp1000/bin/armhf/resizer/resize -i /home/exp1000/img_msec_1693908785982_2_thumbnail.jpeg -x 224 -y 224 -c 1 -q 90 -o /home/exp1000/img_msec_1693908785982_2_input.jpeg
2023-09-05 10:13:31,400 INFO Resized: 614 x 583 --> 224 x 224
2023-09-05 10:13:31,402 INFO Resize execution time:
real	0m 0.08s
user	0m 0.07s
sys	0m 0.01s
2023-09-05 10:13:31,404 INFO Running command to label the image: /home/exp1000/bin/armhf/tensorflow/lite/c/image_classifier /home/exp1000/img_msec_1693908785982_2_input.jpeg models/default/model.tflite models/default/labels.txt 224 224 0 255
2023-09-05 10:13:33,709 INFO Inference execution time:
real	0m 2.27s
user	0m 1.90s
sys	0m 0.31s
2023-09-05 10:13:33,712 INFO Model prediction results: {"bad": 0.531505, "earth": 0.406152, "edge": 0.062344}
2023-09-05 10:13:33,713 INFO Insufficient prediction confidence level to label the image (the threshold is currently set to 0.70).
2023-09-05 10:13:33,723 INFO Ditching the image.
2023-09-05 10:13:33,738 INFO Removed file: /home/exp1000/img_msec_1693908785982_2.ims_rgb
2023-09-05 10:13:33,744 INFO Removed file: /home/exp1000/img_msec_1693908785982_2.png
2023-09-05 10:13:33,748 INFO Removed file: /home/exp1000/img_msec_1693908785982_2_input.jpeg
2023-09-05 10:13:33,749 INFO Removed file: /home/exp1000/img_msec_1693908785982_2_thumbnail.jpeg
2023-09-05 10:13:34,634 INFO Running command to acquire an image: ims100_testapp -R 8 -G 8 -B 8 -c /dev/cam_tty -m /dev/cam_sd -v 0 -n 1 -p -e 2 >> /home/exp1000/logs/opssat_smartcam_20230905_101302.log 2>&1

ctrl port                    : /dev/cam_tty
data port                    : /dev/cam_sd
exposure time                : 2
number of images             : 1
milliseconds between images  : 0
bw img sensor                : 0
default conf                 : 1
video duration               : 0
gain (RGB)                   : 8 8 8
-------------------------


BST IMS100 Telemetry:
    version : 
    status  : 00
    temp[°C]: 0

Set config, Starting picture taking 
exit success
2023-09-05 10:14:01,311 INFO Acquired image: /home/exp1000/img_msec_1693908817579_2.png
2023-09-05 10:14:01,313 INFO Running command to create thumbnail: /home/exp1000/bin/armhf/resizer/resize -i /home/exp1000/img_msec_1693908817579_2.png -x 614 -y 583 -c 3 -q 90 -o /home/exp1000/img_msec_1693908817579_2_thumbnail.jpeg
2023-09-05 10:14:03,418 INFO Resized: 2048 x 1944 --> 614 x 583
2023-09-05 10:14:03,420 INFO Resize execution time:
real	0m 2.07s
user	0m 1.85s
sys	0m 0.18s
2023-09-05 10:14:03,424 INFO Labeling the image using the 'default' model.
2023-09-05 10:14:03,426 INFO Running command to create input: /home/exp1000/bin/armhf/resizer/resize -i /home/exp1000/img_msec_1693908817579_2_thumbnail.jpeg -x 224 -y 224 -c 1 -q 90 -o /home/exp1000/img_msec_1693908817579_2_input.jpeg
2023-09-05 10:14:03,542 INFO Resized: 614 x 583 --> 224 x 224
2023-09-05 10:14:03,545 INFO Resize execution time:
real	0m 0.09s
user	0m 0.08s
sys	0m 0.00s
2023-09-05 10:14:03,548 INFO Running command to label the image: /home/exp1000/bin/armhf/tensorflow/lite/c/image_classifier /home/exp1000/img_msec_1693908817579_2_input.jpeg models/default/model.tflite models/default/labels.txt 224 224 0 255
2023-09-05 10:14:05,864 INFO Inference execution time:
real	0m 2.29s
user	0m 1.90s
sys	0m 0.32s
2023-09-05 10:14:05,867 INFO Model prediction results: {"bad": 0.372453, "earth": 0.567051, "edge": 0.060497}
2023-09-05 10:14:05,868 INFO Insufficient prediction confidence level to label the image (the threshold is currently set to 0.70).
2023-09-05 10:14:05,874 INFO Ditching the image.
2023-09-05 10:14:05,888 INFO Removed file: /home/exp1000/img_msec_1693908817579_2.ims_rgb
2023-09-05 10:14:05,895 INFO Removed file: /home/exp1000/img_msec_1693908817579_2.png
2023-09-05 10:14:05,898 INFO Removed file: /home/exp1000/img_msec_1693908817579_2_input.jpeg
2023-09-05 10:14:05,900 INFO Removed file: /home/exp1000/img_msec_1693908817579_2_thumbnail.jpeg
2023-09-05 10:14:06,783 INFO Running command to acquire an image: ims100_testapp -R 8 -G 8 -B 8 -c /dev/cam_tty -m /dev/cam_sd -v 0 -n 1 -p -e 2 >> /home/exp1000/logs/opssat_smartcam_20230905_101302.log 2>&1

ctrl port                    : /dev/cam_tty
data port                    : /dev/cam_sd
exposure time                : 2
number of images             : 1
milliseconds between images  : 0
bw img sensor                : 0
default conf                 : 1
video duration               : 0
gain (RGB)                   : 8 8 8
-------------------------


BST IMS100 Telemetry:
    version : 
    status  : 00
    temp[°C]: 0

Set config, Starting picture taking 
exit success
2023-09-05 10:14:32,237 INFO Acquired image: /home/exp1000/img_msec_1693908849740_2.png
2023-09-05 10:14:32,239 INFO Running command to create thumbnail: /home/exp1000/bin/armhf/resizer/resize -i /home/exp1000/img_msec_1693908849740_2.png -x 614 -y 583 -c 3 -q 90 -o /home/exp1000/img_msec_1693908849740_2_thumbnail.jpeg
2023-09-05 10:14:34,380 INFO Resized: 2048 x 1944 --> 614 x 583
2023-09-05 10:14:34,383 INFO Resize execution time:
real	0m 2.11s
user	0m 1.87s
sys	0m 0.20s
2023-09-05 10:14:34,387 INFO Labeling the image using the 'default' model.
2023-09-05 10:14:34,389 INFO Running command to create input: /home/exp1000/bin/armhf/resizer/resize -i /home/exp1000/img_msec_1693908849740_2_thumbnail.jpeg -x 224 -y 224 -c 1 -q 90 -o /home/exp1000/img_msec_1693908849740_2_input.jpeg
2023-09-05 10:14:34,504 INFO Resized: 614 x 583 --> 224 x 224
2023-09-05 10:14:34,507 INFO Resize execution time:
real	0m 0.08s
user	0m 0.07s
sys	0m 0.01s
2023-09-05 10:14:34,509 INFO Running command to label the image: /home/exp1000/bin/armhf/tensorflow/lite/c/image_classifier /home/exp1000/img_msec_1693908849740_2_input.jpeg models/default/model.tflite models/default/labels.txt 224 224 0 255
2023-09-05 10:14:36,813 INFO Inference execution time:
real	0m 2.27s
user	0m 1.96s
sys	0m 0.25s
2023-09-05 10:14:36,815 INFO Model prediction results: {"bad": 0.297671, "earth": 0.660587, "edge": 0.041741}
2023-09-05 10:14:36,817 INFO Insufficient prediction confidence level to label the image (the threshold is currently set to 0.70).
2023-09-05 10:14:36,822 INFO Ditching the image.
2023-09-05 10:14:36,837 INFO Removed file: /home/exp1000/img_msec_1693908849740_2.ims_rgb
2023-09-05 10:14:36,844 INFO Removed file: /home/exp1000/img_msec_1693908849740_2.png
2023-09-05 10:14:36,847 INFO Removed file: /home/exp1000/img_msec_1693908849740_2_input.jpeg
2023-09-05 10:14:36,849 INFO Removed file: /home/exp1000/img_msec_1693908849740_2_thumbnail.jpeg
2023-09-05 10:14:37,728 INFO Running command to acquire an image: ims100_testapp -R 8 -G 8 -B 8 -c /dev/cam_tty -m /dev/cam_sd -v 0 -n 1 -p -e 2 >> /home/exp1000/logs/opssat_smartcam_20230905_101302.log 2>&1

ctrl port                    : /dev/cam_tty
data port                    : /dev/cam_sd
exposure time                : 2
number of images             : 1
milliseconds between images  : 0
bw img sensor                : 0
default conf                 : 1
video duration               : 0
gain (RGB)                   : 8 8 8
-------------------------


BST IMS100 Telemetry:
    version : 
    status  : 00
    temp[°C]: 0

Set config, Starting picture taking 
exit success
2023-09-05 10:15:07,836 INFO Acquired image: /home/exp1000/img_msec_1693908880620_2.png
2023-09-05 10:15:07,839 INFO Running command to create thumbnail: /home/exp1000/bin/armhf/resizer/resize -i /home/exp1000/img_msec_1693908880620_2.png -x 614 -y 583 -c 3 -q 90 -o /home/exp1000/img_msec_1693908880620_2_thumbnail.jpeg
2023-09-05 10:15:09,988 INFO Resized: 2048 x 1944 --> 614 x 583
2023-09-05 10:15:09,990 INFO Resize execution time:
real	0m 2.12s
user	0m 1.86s
sys	0m 0.21s
2023-09-05 10:15:09,994 INFO Labeling the image using the 'default' model.
2023-09-05 10:15:09,996 INFO Running command to create input: /home/exp1000/bin/armhf/resizer/resize -i /home/exp1000/img_msec_1693908880620_2_thumbnail.jpeg -x 224 -y 224 -c 1 -q 90 -o /home/exp1000/img_msec_1693908880620_2_input.jpeg
2023-09-05 10:15:10,113 INFO Resized: 614 x 583 --> 224 x 224
2023-09-05 10:15:10,116 INFO Resize execution time:
real	0m 0.09s
user	0m 0.06s
sys	0m 0.02s
2023-09-05 10:15:10,119 INFO Running command to label the image: /home/exp1000/bin/armhf/tensorflow/lite/c/image_classifier /home/exp1000/img_msec_1693908880620_2_input.jpeg models/default/model.tflite models/default/labels.txt 224 224 0 255
2023-09-05 10:15:12,408 INFO Inference execution time:
real	0m 2.26s
user	0m 1.91s
sys	0m 0.29s
2023-09-05 10:15:12,411 INFO Model prediction results: {"bad": 0.062919, "earth": 0.914204, "edge": 0.022877}
2023-09-05 10:15:12,412 INFO Labeling the image as 'earth'.
2023-09-05 10:15:12,415 INFO Labeling the image using the 'noiser' model.
2023-09-05 10:15:12,417 INFO Running command for executable binary: /home/exp253/noiser -i /home/exp1000/img_msec_1693908880620_2_thumbnail.jpeg -w 3 -r 224x224 -t 1 -n 50 -q 100
2023-09-05 10:15:12,728 INFO Binary execution time:
real	0m 0.28s
user	0m 0.25s
sys	0m 0.02s
2023-09-05 10:15:12,730 INFO Classification results: {"noised": 10000, "_noise_factor": 50, "_noise_type": 1}
2023-09-05 10:15:12,732 INFO Labeling the image as 'noised'.
2023-09-05 10:15:12,735 INFO Labeling the image using the 'default2' model.
2023-09-05 10:15:12,736 INFO Running command to create input: /home/exp1000/bin/armhf/resizer/resize -i /home/exp1000/img_msec_1693908880620_2_thumbnail.jpeg -x 224 -y 224 -c 1 -q 90 -o /home/exp1000/img_msec_1693908880620_2_input.jpeg
2023-09-05 10:15:12,812 INFO Resized: 224 x 224 --> 224 x 224
2023-09-05 10:15:12,814 INFO Resize execution time:
real	0m 0.04s
user	0m 0.04s
sys	0m 0.00s
2023-09-05 10:15:12,817 INFO Running command to label the image: /home/exp1000/bin/armhf/tensorflow/lite/c/image_classifier /home/exp1000/img_msec_1693908880620_2_input.jpeg models/default/model.tflite models/default/labels.txt 224 224 0 255
2023-09-05 10:15:15,115 INFO Inference execution time:
real	0m 2.27s
user	0m 1.89s
sys	0m 0.31s
2023-09-05 10:15:15,118 INFO Model prediction results: {"bad": 0.936421, "earth": 0.038187, "edge": 0.025392}
2023-09-05 10:15:15,120 INFO Labeling the image as 'bad'.
2023-09-05 10:15:15,123 INFO Labeling the image using the 'denoiser' model.
2023-09-05 10:15:15,124 INFO Running command for executable binary: /home/exp253/denoiser -i /home/exp1000/img_msec_1693908880620_2_thumbnail.jpeg -w 3 -q 100 -m /home/exp253/models/denoiser_ae_fnp50.tflite
2023-09-05 10:15:47,667 INFO Binary execution time:
real	0m 32.51s
user	0m 30.99s
sys	0m 0.62s
2023-09-05 10:15:47,670 INFO Classification results: {"denoised": 1}
2023-09-05 10:15:47,671 INFO Labeling the image as 'denoised'.
2023-09-05 10:15:47,674 INFO Labeling the image using the 'default3' model.
2023-09-05 10:15:47,676 INFO Running command to create input: /home/exp1000/bin/armhf/resizer/resize -i /home/exp1000/img_msec_1693908880620_2_thumbnail.jpeg -x 224 -y 224 -c 1 -q 90 -o /home/exp1000/img_msec_1693908880620_2_input.jpeg
2023-09-05 10:15:47,737 INFO Resized: 224 x 224 --> 224 x 224
2023-09-05 10:15:47,739 INFO Resize execution time:
real	0m 0.03s
user	0m 0.03s
sys	0m 0.00s
2023-09-05 10:15:47,742 INFO Running command to label the image: /home/exp1000/bin/armhf/tensorflow/lite/c/image_classifier /home/exp1000/img_msec_1693908880620_2_input.jpeg models/default/model.tflite models/default/labels.txt 224 224 0 255
2023-09-05 10:15:50,027 INFO Inference execution time:
real	0m 2.25s
user	0m 1.98s
sys	0m 0.21s
2023-09-05 10:15:50,029 INFO Model prediction results: {"bad": 0.211039, "earth": 0.744462, "edge": 0.044500}
2023-09-05 10:15:50,031 INFO Labeling the image as 'earth'.
2023-09-05 10:15:50,037 INFO Keeping the image.
2023-09-05 10:15:50,526 INFO Running command to acquire an image: ims100_testapp -R 8 -G 8 -B 8 -c /dev/cam_tty -m /dev/cam_sd -v 0 -n 1 -p -e 2 >> /home/exp1000/logs/opssat_smartcam_20230905_101302.log 2>&1

ctrl port                    : /dev/cam_tty
data port                    : /dev/cam_sd
exposure time                : 2
number of images             : 1
milliseconds between images  : 0
bw img sensor                : 0
default conf                 : 1
video duration               : 0
gain (RGB)                   : 8 8 8
-------------------------


BST IMS100 Telemetry:
    version : 
    status  : 00
    temp[°C]: 0

Set config, Starting picture taking 
exit success
2023-09-05 10:16:21,356 INFO Acquired image: /home/exp1000/img_msec_1693908953420_2.png
2023-09-05 10:16:21,358 INFO Running command to create thumbnail: /home/exp1000/bin/armhf/resizer/resize -i /home/exp1000/img_msec_1693908953420_2.png -x 614 -y 583 -c 3 -q 90 -o /home/exp1000/img_msec_1693908953420_2_thumbnail.jpeg
2023-09-05 10:16:23,641 INFO Resized: 2048 x 1944 --> 614 x 583
2023-09-05 10:16:23,643 INFO Resize execution time:
real	0m 2.25s
user	0m 1.99s
sys	0m 0.19s
2023-09-05 10:16:23,648 INFO Labeling the image using the 'default' model.
2023-09-05 10:16:23,649 INFO Running command to create input: /home/exp1000/bin/armhf/resizer/resize -i /home/exp1000/img_msec_1693908953420_2_thumbnail.jpeg -x 224 -y 224 -c 1 -q 90 -o /home/exp1000/img_msec_1693908953420_2_input.jpeg
2023-09-05 10:16:23,768 INFO Resized: 614 x 583 --> 224 x 224
2023-09-05 10:16:23,770 INFO Resize execution time:
real	0m 0.09s
user	0m 0.08s
sys	0m 0.00s
2023-09-05 10:16:23,773 INFO Running command to label the image: /home/exp1000/bin/armhf/tensorflow/lite/c/image_classifier /home/exp1000/img_msec_1693908953420_2_input.jpeg models/default/model.tflite models/default/labels.txt 224 224 0 255
2023-09-05 10:16:26,075 INFO Inference execution time:
real	0m 2.27s
user	0m 1.96s
sys	0m 0.24s
2023-09-05 10:16:26,077 INFO Model prediction results: {"bad": 0.013755, "earth": 0.973230, "edge": 0.013015}
2023-09-05 10:16:26,079 INFO Labeling the image as 'earth'.
2023-09-05 10:16:26,082 INFO Labeling the image using the 'noiser' model.
2023-09-05 10:16:26,083 INFO Running command for executable binary: /home/exp253/noiser -i /home/exp1000/img_msec_1693908953420_2_thumbnail.jpeg -w 3 -r 224x224 -t 1 -n 50 -q 100
2023-09-05 10:16:26,394 INFO Binary execution time:
real	0m 0.28s
user	0m 0.27s
sys	0m 0.00s
2023-09-05 10:16:26,396 INFO Classification results: {"noised": 10000, "_noise_factor": 50, "_noise_type": 1}
2023-09-05 10:16:26,398 INFO Labeling the image as 'noised'.
2023-09-05 10:16:26,401 INFO Labeling the image using the 'default2' model.
2023-09-05 10:16:26,402 INFO Running command to create input: /home/exp1000/bin/armhf/resizer/resize -i /home/exp1000/img_msec_1693908953420_2_thumbnail.jpeg -x 224 -y 224 -c 1 -q 90 -o /home/exp1000/img_msec_1693908953420_2_input.jpeg
2023-09-05 10:16:26,477 INFO Resized: 224 x 224 --> 224 x 224
2023-09-05 10:16:26,480 INFO Resize execution time:
real	0m 0.04s
user	0m 0.04s
sys	0m 0.00s
2023-09-05 10:16:26,482 INFO Running command to label the image: /home/exp1000/bin/armhf/tensorflow/lite/c/image_classifier /home/exp1000/img_msec_1693908953420_2_input.jpeg models/default/model.tflite models/default/labels.txt 224 224 0 255
2023-09-05 10:16:28,761 INFO Inference execution time:
real	0m 2.25s
user	0m 1.87s
sys	0m 0.31s
2023-09-05 10:16:28,763 INFO Model prediction results: {"bad": 0.942463, "earth": 0.034959, "edge": 0.022578}
2023-09-05 10:16:28,766 INFO Labeling the image as 'bad'.
2023-09-05 10:16:28,769 INFO Labeling the image using the 'denoiser' model.
2023-09-05 10:16:28,770 INFO Running command for executable binary: /home/exp253/denoiser -i /home/exp1000/img_msec_1693908953420_2_thumbnail.jpeg -w 3 -q 100 -m /home/exp253/models/denoiser_ae_fnp50.tflite
2023-09-05 10:17:01,790 INFO Binary execution time:
real	0m 32.99s
user	0m 31.66s
sys	0m 0.58s
2023-09-05 10:17:01,792 INFO Classification results: {"denoised": 1}
2023-09-05 10:17:01,794 INFO Labeling the image as 'denoised'.
2023-09-05 10:17:01,797 INFO Labeling the image using the 'default3' model.
2023-09-05 10:17:01,799 INFO Running command to create input: /home/exp1000/bin/armhf/resizer/resize -i /home/exp1000/img_msec_1693908953420_2_thumbnail.jpeg -x 224 -y 224 -c 1 -q 90 -o /home/exp1000/img_msec_1693908953420_2_input.jpeg
2023-09-05 10:17:01,861 INFO Resized: 224 x 224 --> 224 x 224
2023-09-05 10:17:01,863 INFO Resize execution time:
real	0m 0.03s
user	0m 0.03s
sys	0m 0.00s
2023-09-05 10:17:01,866 INFO Running command to label the image: /home/exp1000/bin/armhf/tensorflow/lite/c/image_classifier /home/exp1000/img_msec_1693908953420_2_input.jpeg models/default/model.tflite models/default/labels.txt 224 224 0 255
2023-09-05 10:17:04,180 INFO Inference execution time:
real	0m 2.28s
user	0m 2.00s
sys	0m 0.22s
2023-09-05 10:17:04,182 INFO Model prediction results: {"bad": 0.065769, "earth": 0.907760, "edge": 0.026470}
2023-09-05 10:17:04,184 INFO Labeling the image as 'earth'.
2023-09-05 10:17:04,190 INFO Keeping the image.
2023-09-05 10:25:14,742 INFO Running command to acquire an image: ims100_testapp -R 8 -G 8 -B 8 -c /dev/cam_tty -m /dev/cam_sd -v 0 -n 1 -p -e 2 >> /home/exp1000/logs/opssat_smartcam_20230905_101302.log 2>&1

ctrl port                    : /dev/cam_tty
data port                    : /dev/cam_sd
exposure time                : 2
number of images             : 1
milliseconds between images  : 0
bw img sensor                : 0
default conf                 : 1
video duration               : 0
gain (RGB)                   : 8 8 8
-------------------------


BST IMS100 Telemetry:
    version : 
    status  : 00
    temp[°C]: 0

Set config, Starting picture taking 
exit success
2023-09-05 10:25:40,469 INFO Acquired image: /home/exp1000/img_msec_1693909517660_2.png
2023-09-05 10:25:40,471 INFO Running command to create thumbnail: /home/exp1000/bin/armhf/resizer/resize -i /home/exp1000/img_msec_1693909517660_2.png -x 614 -y 583 -c 3 -q 90 -o /home/exp1000/img_msec_1693909517660_2_thumbnail.jpeg
2023-09-05 10:25:42,590 INFO Resized: 2048 x 1944 --> 614 x 583
2023-09-05 10:25:42,593 INFO Resize execution time:
real	0m 2.09s
user	0m 1.87s
sys	0m 0.18s
2023-09-05 10:25:42,597 INFO Labeling the image using the 'default' model.
2023-09-05 10:25:42,599 INFO Running command to create input: /home/exp1000/bin/armhf/resizer/resize -i /home/exp1000/img_msec_1693909517660_2_thumbnail.jpeg -x 224 -y 224 -c 1 -q 90 -o /home/exp1000/img_msec_1693909517660_2_input.jpeg
2023-09-05 10:25:42,716 INFO Resized: 614 x 583 --> 224 x 224
2023-09-05 10:25:42,719 INFO Resize execution time:
real	0m 0.09s
user	0m 0.07s
sys	0m 0.01s
2023-09-05 10:25:42,722 INFO Running command to label the image: /home/exp1000/bin/armhf/tensorflow/lite/c/image_classifier /home/exp1000/img_msec_1693909517660_2_input.jpeg models/default/model.tflite models/default/labels.txt 224 224 0 255
2023-09-05 10:25:45,004 INFO Inference execution time:
real	0m 2.25s
user	0m 1.94s
sys	0m 0.24s
2023-09-05 10:25:45,007 INFO Model prediction results: {"bad": 0.769825, "earth": 0.166662, "edge": 0.063513}
2023-09-05 10:25:45,008 INFO Labeling the image as 'bad'.
2023-09-05 10:25:45,014 INFO Ditching the image.
2023-09-05 10:25:45,028 INFO Removed file: /home/exp1000/img_msec_1693909517660_2.ims_rgb
2023-09-05 10:25:45,035 INFO Removed file: /home/exp1000/img_msec_1693909517660_2.png
2023-09-05 10:25:45,038 INFO Removed file: /home/exp1000/img_msec_1693909517660_2_input.jpeg
2023-09-05 10:25:45,039 INFO Removed file: /home/exp1000/img_msec_1693909517660_2_thumbnail.jpeg
2023-09-05 10:25:45,808 INFO Running command to acquire an image: ims100_testapp -R 8 -G 8 -B 8 -c /dev/cam_tty -m /dev/cam_sd -v 0 -n 1 -p -e 2 >> /home/exp1000/logs/opssat_smartcam_20230905_101302.log 2>&1

ctrl port                    : /dev/cam_tty
data port                    : /dev/cam_sd
exposure time                : 2
number of images             : 1
milliseconds between images  : 0
bw img sensor                : 0
default conf                 : 1
video duration               : 0
gain (RGB)                   : 8 8 8
-------------------------


BST IMS100 Telemetry:
    version : 
    status  : 00
    temp[°C]: 0

Set config, Starting picture taking 
exit success
2023-09-05 10:26:11,698 INFO Acquired image: /home/exp1000/img_msec_1693909548701_2.png
2023-09-05 10:26:11,701 INFO Running command to create thumbnail: /home/exp1000/bin/armhf/resizer/resize -i /home/exp1000/img_msec_1693909548701_2.png -x 614 -y 583 -c 3 -q 90 -o /home/exp1000/img_msec_1693909548701_2_thumbnail.jpeg
2023-09-05 10:26:13,826 INFO Resized: 2048 x 1944 --> 614 x 583
2023-09-05 10:26:13,828 INFO Resize execution time:
real	0m 2.09s
user	0m 1.84s
sys	0m 0.21s
2023-09-05 10:26:13,833 INFO Labeling the image using the 'default' model.
2023-09-05 10:26:13,834 INFO Running command to create input: /home/exp1000/bin/armhf/resizer/resize -i /home/exp1000/img_msec_1693909548701_2_thumbnail.jpeg -x 224 -y 224 -c 1 -q 90 -o /home/exp1000/img_msec_1693909548701_2_input.jpeg
2023-09-05 10:26:13,950 INFO Resized: 614 x 583 --> 224 x 224
2023-09-05 10:26:13,953 INFO Resize execution time:
real	0m 0.09s
user	0m 0.06s
sys	0m 0.02s
2023-09-05 10:26:13,955 INFO Running command to label the image: /home/exp1000/bin/armhf/tensorflow/lite/c/image_classifier /home/exp1000/img_msec_1693909548701_2_input.jpeg models/default/model.tflite models/default/labels.txt 224 224 0 255
2023-09-05 10:26:16,268 INFO Inference execution time:
real	0m 2.28s
user	0m 1.98s
sys	0m 0.24s
2023-09-05 10:26:16,270 INFO Model prediction results: {"bad": 0.845804, "earth": 0.116341, "edge": 0.037856}
2023-09-05 10:26:16,272 INFO Labeling the image as 'bad'.
2023-09-05 10:26:16,278 INFO Ditching the image.
2023-09-05 10:26:16,292 INFO Removed file: /home/exp1000/img_msec_1693909548701_2.ims_rgb
2023-09-05 10:26:16,299 INFO Removed file: /home/exp1000/img_msec_1693909548701_2.png
2023-09-05 10:26:16,302 INFO Removed file: /home/exp1000/img_msec_1693909548701_2_input.jpeg
2023-09-05 10:26:16,303 INFO Removed file: /home/exp1000/img_msec_1693909548701_2_thumbnail.jpeg
2023-09-05 10:26:17,074 INFO Running command to acquire an image: ims100_testapp -R 8 -G 8 -B 8 -c /dev/cam_tty -m /dev/cam_sd -v 0 -n 1 -p -e 2 >> /home/exp1000/logs/opssat_smartcam_20230905_101302.log 2>&1

ctrl port                    : /dev/cam_tty
data port                    : /dev/cam_sd
exposure time                : 2
number of images             : 1
milliseconds between images  : 0
bw img sensor                : 0
default conf                 : 1
video duration               : 0
gain (RGB)                   : 8 8 8
-------------------------


BST IMS100 Telemetry:
    version : 
    status  : 00
    temp[°C]: 0

Set config, Starting picture taking 
exit success
2023-09-05 10:26:43,480 INFO Acquired image: /home/exp1000/img_msec_1693909579981_2.png
2023-09-05 10:26:43,483 INFO Running command to create thumbnail: /home/exp1000/bin/armhf/resizer/resize -i /home/exp1000/img_msec_1693909579981_2.png -x 614 -y 583 -c 3 -q 90 -o /home/exp1000/img_msec_1693909579981_2_thumbnail.jpeg
2023-09-05 10:26:45,604 INFO Resized: 2048 x 1944 --> 614 x 583
2023-09-05 10:26:45,607 INFO Resize execution time:
real	0m 2.09s
user	0m 1.85s
sys	0m 0.19s
2023-09-05 10:26:45,611 INFO Labeling the image using the 'default' model.
2023-09-05 10:26:45,612 INFO Running command to create input: /home/exp1000/bin/armhf/resizer/resize -i /home/exp1000/img_msec_1693909579981_2_thumbnail.jpeg -x 224 -y 224 -c 1 -q 90 -o /home/exp1000/img_msec_1693909579981_2_input.jpeg
2023-09-05 10:26:45,729 INFO Resized: 614 x 583 --> 224 x 224
2023-09-05 10:26:45,731 INFO Resize execution time:
real	0m 0.08s
user	0m 0.08s
sys	0m 0.00s
2023-09-05 10:26:45,733 INFO Running command to label the image: /home/exp1000/bin/armhf/tensorflow/lite/c/image_classifier /home/exp1000/img_msec_1693909579981_2_input.jpeg models/default/model.tflite models/default/labels.txt 224 224 0 255
2023-09-05 10:26:48,006 INFO Inference execution time:
real	0m 2.24s
user	0m 1.90s
sys	0m 0.28s
2023-09-05 10:26:48,008 INFO Model prediction results: {"bad": 0.829212, "earth": 0.120977, "edge": 0.049810}
2023-09-05 10:26:48,010 INFO Labeling the image as 'bad'.
2023-09-05 10:26:48,015 INFO Ditching the image.
2023-09-05 10:26:48,029 INFO Removed file: /home/exp1000/img_msec_1693909579981_2.ims_rgb
2023-09-05 10:26:48,037 INFO Removed file: /home/exp1000/img_msec_1693909579981_2.png
2023-09-05 10:26:48,040 INFO Removed file: /home/exp1000/img_msec_1693909579981_2_input.jpeg
2023-09-05 10:26:48,042 INFO Removed file: /home/exp1000/img_msec_1693909579981_2_thumbnail.jpeg
2023-09-05 10:26:48,812 INFO Running command to acquire an image: ims100_testapp -R 8 -G 8 -B 8 -c /dev/cam_tty -m /dev/cam_sd -v 0 -n 1 -p -e 2 >> /home/exp1000/logs/opssat_smartcam_20230905_101302.log 2>&1

ctrl port                    : /dev/cam_tty
data port                    : /dev/cam_sd
exposure time                : 2
number of images             : 1
milliseconds between images  : 0
bw img sensor                : 0
default conf                 : 1
video duration               : 0
gain (RGB)                   : 8 8 8
-------------------------


BST IMS100 Telemetry:
    version : 
    status  : 00
    temp[°C]: 0

Set config, Starting picture taking 
exit success
2023-09-05 10:27:14,938 INFO Acquired image: /home/exp1000/img_msec_1693909611739_2.png
2023-09-05 10:27:14,940 INFO Running command to create thumbnail: /home/exp1000/bin/armhf/resizer/resize -i /home/exp1000/img_msec_1693909611739_2.png -x 614 -y 583 -c 3 -q 90 -o /home/exp1000/img_msec_1693909611739_2_thumbnail.jpeg
2023-09-05 10:27:17,042 INFO Resized: 2048 x 1944 --> 614 x 583
2023-09-05 10:27:17,044 INFO Resize execution time:
real	0m 2.07s
user	0m 1.83s
sys	0m 0.20s
2023-09-05 10:27:17,049 INFO Labeling the image using the 'default' model.
2023-09-05 10:27:17,051 INFO Running command to create input: /home/exp1000/bin/armhf/resizer/resize -i /home/exp1000/img_msec_1693909611739_2_thumbnail.jpeg -x 224 -y 224 -c 1 -q 90 -o /home/exp1000/img_msec_1693909611739_2_input.jpeg
2023-09-05 10:27:17,166 INFO Resized: 614 x 583 --> 224 x 224
2023-09-05 10:27:17,168 INFO Resize execution time:
real	0m 0.08s
user	0m 0.07s
sys	0m 0.01s
2023-09-05 10:27:17,171 INFO Running command to label the image: /home/exp1000/bin/armhf/tensorflow/lite/c/image_classifier /home/exp1000/img_msec_1693909611739_2_input.jpeg models/default/model.tflite models/default/labels.txt 224 224 0 255
2023-09-05 10:27:19,466 INFO Inference execution time:
real	0m 2.26s
user	0m 1.93s
sys	0m 0.27s
2023-09-05 10:27:19,468 INFO Model prediction results: {"bad": 0.885071, "earth": 0.072851, "edge": 0.042078}
2023-09-05 10:27:19,470 INFO Labeling the image as 'bad'.
2023-09-05 10:27:19,475 INFO Ditching the image.
2023-09-05 10:27:19,489 INFO Removed file: /home/exp1000/img_msec_1693909611739_2.ims_rgb
2023-09-05 10:27:19,496 INFO Removed file: /home/exp1000/img_msec_1693909611739_2.png
2023-09-05 10:27:19,499 INFO Removed file: /home/exp1000/img_msec_1693909611739_2_input.jpeg
2023-09-05 10:27:19,501 INFO Removed file: /home/exp1000/img_msec_1693909611739_2_thumbnail.jpeg
2023-09-05 10:27:20,272 INFO Running command to acquire an image: ims100_testapp -R 8 -G 8 -B 8 -c /dev/cam_tty -m /dev/cam_sd -v 0 -n 1 -p -e 2 >> /home/exp1000/logs/opssat_smartcam_20230905_101302.log 2>&1

ctrl port                    : /dev/cam_tty
data port                    : /dev/cam_sd
exposure time                : 2
number of images             : 1
milliseconds between images  : 0
bw img sensor                : 0
default conf                 : 1
video duration               : 0
gain (RGB)                   : 8 8 8
-------------------------


BST IMS100 Telemetry:
    version : 
    status  : 00
    temp[°C]: 0

Set config, Starting picture taking 
exit success
2023-09-05 10:27:45,653 INFO Acquired image: /home/exp1000/img_msec_1693909643181_2.png
2023-09-05 10:27:45,656 INFO Running command to create thumbnail: /home/exp1000/bin/armhf/resizer/resize -i /home/exp1000/img_msec_1693909643181_2.png -x 614 -y 583 -c 3 -q 90 -o /home/exp1000/img_msec_1693909643181_2_thumbnail.jpeg
2023-09-05 10:27:47,758 INFO Resized: 2048 x 1944 --> 614 x 583
2023-09-05 10:27:47,760 INFO Resize execution time:
real	0m 2.07s
user	0m 1.83s
sys	0m 0.20s
2023-09-05 10:27:47,764 INFO Labeling the image using the 'default' model.
2023-09-05 10:27:47,766 INFO Running command to create input: /home/exp1000/bin/armhf/resizer/resize -i /home/exp1000/img_msec_1693909643181_2_thumbnail.jpeg -x 224 -y 224 -c 1 -q 90 -o /home/exp1000/img_msec_1693909643181_2_input.jpeg
2023-09-05 10:27:47,880 INFO Resized: 614 x 583 --> 224 x 224
2023-09-05 10:27:47,883 INFO Resize execution time:
real	0m 0.08s
user	0m 0.05s
sys	0m 0.03s
2023-09-05 10:27:47,885 INFO Running command to label the image: /home/exp1000/bin/armhf/tensorflow/lite/c/image_classifier /home/exp1000/img_msec_1693909643181_2_input.jpeg models/default/model.tflite models/default/labels.txt 224 224 0 255
2023-09-05 10:27:50,176 INFO Inference execution time:
real	0m 2.26s
user	0m 1.91s
sys	0m 0.28s
2023-09-05 10:27:50,178 INFO Model prediction results: {"bad": 0.894385, "earth": 0.058086, "edge": 0.047529}
2023-09-05 10:27:50,180 INFO Labeling the image as 'bad'.
2023-09-05 10:27:50,185 INFO Ditching the image.
2023-09-05 10:27:50,199 INFO Removed file: /home/exp1000/img_msec_1693909643181_2.ims_rgb
2023-09-05 10:27:50,206 INFO Removed file: /home/exp1000/img_msec_1693909643181_2.png
2023-09-05 10:27:50,209 INFO Removed file: /home/exp1000/img_msec_1693909643181_2_input.jpeg
2023-09-05 10:27:50,211 INFO Removed file: /home/exp1000/img_msec_1693909643181_2_thumbnail.jpeg
2023-09-05 10:27:50,980 INFO Running command to acquire an image: ims100_testapp -R 8 -G 8 -B 8 -c /dev/cam_tty -m /dev/cam_sd -v 0 -n 1 -p -e 2 >> /home/exp1000/logs/opssat_smartcam_20230905_101302.log 2>&1

ctrl port                    : /dev/cam_tty
data port                    : /dev/cam_sd
exposure time                : 2
number of images             : 1
milliseconds between images  : 0
bw img sensor                : 0
default conf                 : 1
video duration               : 0
gain (RGB)                   : 8 8 8
-------------------------


BST IMS100 Telemetry:
    version : 
    status  : 00
    temp[°C]: 0

Set config, Starting picture taking 
exit success
2023-09-05 10:28:18,433 INFO Acquired image: /home/exp1000/img_msec_1693909673899_2.png
2023-09-05 10:28:18,435 INFO Running command to create thumbnail: /home/exp1000/bin/armhf/resizer/resize -i /home/exp1000/img_msec_1693909673899_2.png -x 614 -y 583 -c 3 -q 90 -o /home/exp1000/img_msec_1693909673899_2_thumbnail.jpeg
2023-09-05 10:28:20,560 INFO Resized: 2048 x 1944 --> 614 x 583
2023-09-05 10:28:20,562 INFO Resize execution time:
real	0m 2.09s
user	0m 1.90s
sys	0m 0.14s
2023-09-05 10:28:20,567 INFO Labeling the image using the 'default' model.
2023-09-05 10:28:20,568 INFO Running command to create input: /home/exp1000/bin/armhf/resizer/resize -i /home/exp1000/img_msec_1693909673899_2_thumbnail.jpeg -x 224 -y 224 -c 1 -q 90 -o /home/exp1000/img_msec_1693909673899_2_input.jpeg
2023-09-05 10:28:20,686 INFO Resized: 614 x 583 --> 224 x 224
2023-09-05 10:28:20,688 INFO Resize execution time:
real	0m 0.09s
user	0m 0.08s
sys	0m 0.00s
2023-09-05 10:28:20,690 INFO Running command to label the image: /home/exp1000/bin/armhf/tensorflow/lite/c/image_classifier /home/exp1000/img_msec_1693909673899_2_input.jpeg models/default/model.tflite models/default/labels.txt 224 224 0 255
2023-09-05 10:28:22,963 INFO Inference execution time:
real	0m 2.24s
user	0m 1.93s
sys	0m 0.25s
2023-09-05 10:28:22,967 INFO Model prediction results: {"bad": 0.617822, "earth": 0.325027, "edge": 0.057151}
2023-09-05 10:28:22,969 INFO Insufficient prediction confidence level to label the image (the threshold is currently set to 0.70).
2023-09-05 10:28:22,974 INFO Ditching the image.
2023-09-05 10:28:22,989 INFO Removed file: /home/exp1000/img_msec_1693909673899_2.ims_rgb
2023-09-05 10:28:22,996 INFO Removed file: /home/exp1000/img_msec_1693909673899_2.png
2023-09-05 10:28:22,999 INFO Removed file: /home/exp1000/img_msec_1693909673899_2_input.jpeg
2023-09-05 10:28:23,001 INFO Removed file: /home/exp1000/img_msec_1693909673899_2_thumbnail.jpeg
2023-09-05 10:28:23,770 INFO Running command to acquire an image: ims100_testapp -R 8 -G 8 -B 8 -c /dev/cam_tty -m /dev/cam_sd -v 0 -n 1 -p -e 2 >> /home/exp1000/logs/opssat_smartcam_20230905_101302.log 2>&1

ctrl port                    : /dev/cam_tty
data port                    : /dev/cam_sd
exposure time                : 2
number of images             : 1
milliseconds between images  : 0
bw img sensor                : 0
default conf                 : 1
video duration               : 0
gain (RGB)                   : 8 8 8
-------------------------


BST IMS100 Telemetry:
    version : 
    status  : 00
    temp[°C]: 0

Set config, Starting picture taking 
exit success
2023-09-05 10:28:55,356 INFO Acquired image: /home/exp1000/img_msec_1693909706701_2.png
2023-09-05 10:28:55,358 INFO Running command to create thumbnail: /home/exp1000/bin/armhf/resizer/resize -i /home/exp1000/img_msec_1693909706701_2.png -x 614 -y 583 -c 3 -q 90 -o /home/exp1000/img_msec_1693909706701_2_thumbnail.jpeg
2023-09-05 10:28:57,488 INFO Resized: 2048 x 1944 --> 614 x 583
2023-09-05 10:28:57,490 INFO Resize execution time:
real	0m 2.10s
user	0m 1.88s
sys	0m 0.18s
2023-09-05 10:28:57,495 INFO Labeling the image using the 'default' model.
2023-09-05 10:28:57,497 INFO Running command to create input: /home/exp1000/bin/armhf/resizer/resize -i /home/exp1000/img_msec_1693909706701_2_thumbnail.jpeg -x 224 -y 224 -c 1 -q 90 -o /home/exp1000/img_msec_1693909706701_2_input.jpeg
2023-09-05 10:28:57,612 INFO Resized: 614 x 583 --> 224 x 224
2023-09-05 10:28:57,614 INFO Resize execution time:
real	0m 0.09s
user	0m 0.08s
sys	0m 0.00s
2023-09-05 10:28:57,617 INFO Running command to label the image: /home/exp1000/bin/armhf/tensorflow/lite/c/image_classifier /home/exp1000/img_msec_1693909706701_2_input.jpeg models/default/model.tflite models/default/labels.txt 224 224 0 255
2023-09-05 10:28:59,948 INFO Inference execution time:
real	0m 2.30s
user	0m 2.00s
sys	0m 0.20s
2023-09-05 10:28:59,950 INFO Model prediction results: {"bad": 0.349609, "earth": 0.539516, "edge": 0.110875}
2023-09-05 10:28:59,952 INFO Insufficient prediction confidence level to label the image (the threshold is currently set to 0.70).
2023-09-05 10:28:59,958 INFO Ditching the image.
2023-09-05 10:28:59,972 INFO Removed file: /home/exp1000/img_msec_1693909706701_2.ims_rgb
2023-09-05 10:28:59,979 INFO Removed file: /home/exp1000/img_msec_1693909706701_2.png
2023-09-05 10:28:59,982 INFO Removed file: /home/exp1000/img_msec_1693909706701_2_input.jpeg
2023-09-05 10:28:59,984 INFO Removed file: /home/exp1000/img_msec_1693909706701_2_thumbnail.jpeg
2023-09-05 10:29:00,757 INFO Running command to acquire an image: ims100_testapp -R 8 -G 8 -B 8 -c /dev/cam_tty -m /dev/cam_sd -v 0 -n 1 -p -e 2 >> /home/exp1000/logs/opssat_smartcam_20230905_101302.log 2>&1

ctrl port                    : /dev/cam_tty
data port                    : /dev/cam_sd
exposure time                : 2
number of images             : 1
milliseconds between images  : 0
bw img sensor                : 0
default conf                 : 1
video duration               : 0
gain (RGB)                   : 8 8 8
-------------------------


BST IMS100 Telemetry:
    version : 
    status  : 00
    temp[°C]: 0

Set config, Starting picture taking 
exit success
2023-09-05 10:29:30,424 INFO Acquired image: /home/exp1000/img_msec_1693909743660_2.png
2023-09-05 10:29:30,427 INFO Running command to create thumbnail: /home/exp1000/bin/armhf/resizer/resize -i /home/exp1000/img_msec_1693909743660_2.png -x 614 -y 583 -c 3 -q 90 -o /home/exp1000/img_msec_1693909743660_2_thumbnail.jpeg
2023-09-05 10:29:32,634 INFO Resized: 2048 x 1944 --> 614 x 583
2023-09-05 10:29:32,637 INFO Resize execution time:
real	0m 2.18s
user	0m 1.97s
sys	0m 0.16s
2023-09-05 10:29:32,641 INFO Labeling the image using the 'default' model.
2023-09-05 10:29:32,643 INFO Running command to create input: /home/exp1000/bin/armhf/resizer/resize -i /home/exp1000/img_msec_1693909743660_2_thumbnail.jpeg -x 224 -y 224 -c 1 -q 90 -o /home/exp1000/img_msec_1693909743660_2_input.jpeg
2023-09-05 10:29:32,764 INFO Resized: 614 x 583 --> 224 x 224
2023-09-05 10:29:32,767 INFO Resize execution time:
real	0m 0.09s
user	0m 0.08s
sys	0m 0.00s
2023-09-05 10:29:32,769 INFO Running command to label the image: /home/exp1000/bin/armhf/tensorflow/lite/c/image_classifier /home/exp1000/img_msec_1693909743660_2_input.jpeg models/default/model.tflite models/default/labels.txt 224 224 0 255
2023-09-05 10:29:35,079 INFO Inference execution time:
real	0m 2.28s
user	0m 1.92s
sys	0m 0.29s
2023-09-05 10:29:35,081 INFO Model prediction results: {"bad": 0.344261, "earth": 0.600116, "edge": 0.055624}
2023-09-05 10:29:35,083 INFO Insufficient prediction confidence level to label the image (the threshold is currently set to 0.70).
2023-09-05 10:29:35,089 INFO Ditching the image.
2023-09-05 10:29:35,102 INFO Removed file: /home/exp1000/img_msec_1693909743660_2.ims_rgb
2023-09-05 10:29:35,110 INFO Removed file: /home/exp1000/img_msec_1693909743660_2.png
2023-09-05 10:29:35,113 INFO Removed file: /home/exp1000/img_msec_1693909743660_2_input.jpeg
2023-09-05 10:29:35,114 INFO Removed file: /home/exp1000/img_msec_1693909743660_2_thumbnail.jpeg
2023-09-05 10:29:35,886 INFO Running command to acquire an image: ims100_testapp -R 8 -G 8 -B 8 -c /dev/cam_tty -m /dev/cam_sd -v 0 -n 1 -p -e 2 >> /home/exp1000/logs/opssat_smartcam_20230905_101302.log 2>&1

ctrl port                    : /dev/cam_tty
data port                    : /dev/cam_sd
exposure time                : 2
number of images             : 1
milliseconds between images  : 0
bw img sensor                : 0
default conf                 : 1
video duration               : 0
gain (RGB)                   : 8 8 8
-------------------------


BST IMS100 Telemetry:
    version : 
    status  : 00
    temp[°C]: 0

Set config, Starting picture taking 
exit success
2023-09-05 10:30:06,972 INFO Acquired image: /home/exp1000/img_msec_1693909778781_2.png
2023-09-05 10:30:06,975 INFO Running command to create thumbnail: /home/exp1000/bin/armhf/resizer/resize -i /home/exp1000/img_msec_1693909778781_2.png -x 614 -y 583 -c 3 -q 90 -o /home/exp1000/img_msec_1693909778781_2_thumbnail.jpeg
2023-09-05 10:30:09,183 INFO Resized: 2048 x 1944 --> 614 x 583
2023-09-05 10:30:09,186 INFO Resize execution time:
real	0m 2.18s
user	0m 1.98s
sys	0m 0.15s
2023-09-05 10:30:09,191 INFO Labeling the image using the 'default' model.
2023-09-05 10:30:09,192 INFO Running command to create input: /home/exp1000/bin/armhf/resizer/resize -i /home/exp1000/img_msec_1693909778781_2_thumbnail.jpeg -x 224 -y 224 -c 1 -q 90 -o /home/exp1000/img_msec_1693909778781_2_input.jpeg
2023-09-05 10:30:09,313 INFO Resized: 614 x 583 --> 224 x 224
2023-09-05 10:30:09,316 INFO Resize execution time:
real	0m 0.09s
user	0m 0.08s
sys	0m 0.01s
2023-09-05 10:30:09,319 INFO Running command to label the image: /home/exp1000/bin/armhf/tensorflow/lite/c/image_classifier /home/exp1000/img_msec_1693909778781_2_input.jpeg models/default/model.tflite models/default/labels.txt 224 224 0 255
2023-09-05 10:30:11,604 INFO Inference execution time:
real	0m 2.25s
user	0m 1.95s
sys	0m 0.24s
2023-09-05 10:30:11,607 INFO Model prediction results: {"bad": 0.656081, "earth": 0.286859, "edge": 0.057060}
2023-09-05 10:30:11,609 INFO Insufficient prediction confidence level to label the image (the threshold is currently set to 0.70).
2023-09-05 10:30:11,614 INFO Ditching the image.
2023-09-05 10:30:11,628 INFO Removed file: /home/exp1000/img_msec_1693909778781_2.ims_rgb
2023-09-05 10:30:11,636 INFO Removed file: /home/exp1000/img_msec_1693909778781_2.png
2023-09-05 10:30:11,639 INFO Removed file: /home/exp1000/img_msec_1693909778781_2_input.jpeg
2023-09-05 10:30:11,640 INFO Removed file: /home/exp1000/img_msec_1693909778781_2_thumbnail.jpeg
2023-09-05 10:31:24,410 INFO Running command to acquire an image: ims100_testapp -R 8 -G 8 -B 8 -c /dev/cam_tty -m /dev/cam_sd -v 0 -n 1 -p -e 2 >> /home/exp1000/logs/opssat_smartcam_20230905_101302.log 2>&1

ctrl port                    : /dev/cam_tty
data port                    : /dev/cam_sd
exposure time                : 2
number of images             : 1
milliseconds between images  : 0
bw img sensor                : 0
default conf                 : 1
video duration               : 0
gain (RGB)                   : 8 8 8
-------------------------


BST IMS100 Telemetry:
    version : 
    status  : 00
    temp[°C]: 0

Set config, Starting picture taking 
exit success
2023-09-05 10:31:46,087 INFO Acquired image: /home/exp1000/img_msec_1693909887342_2.png
2023-09-05 10:31:46,089 INFO Running command to create thumbnail: /home/exp1000/bin/armhf/resizer/resize -i /home/exp1000/img_msec_1693909887342_2.png -x 614 -y 583 -c 3 -q 90 -o /home/exp1000/img_msec_1693909887342_2_thumbnail.jpeg
2023-09-05 10:31:48,227 INFO Resized: 2048 x 1944 --> 614 x 583
2023-09-05 10:31:48,230 INFO Resize execution time:
real	0m 2.11s
user	0m 1.87s
sys	0m 0.19s
2023-09-05 10:31:48,234 INFO Labeling the image using the 'default' model.
2023-09-05 10:31:48,237 INFO Running command to create input: /home/exp1000/bin/armhf/resizer/resize -i /home/exp1000/img_msec_1693909887342_2_thumbnail.jpeg -x 224 -y 224 -c 1 -q 90 -o /home/exp1000/img_msec_1693909887342_2_input.jpeg
2023-09-05 10:31:48,352 INFO Resized: 614 x 583 --> 224 x 224
2023-09-05 10:31:48,354 INFO Resize execution time:
real	0m 0.08s
user	0m 0.08s
sys	0m 0.00s
2023-09-05 10:31:48,357 INFO Running command to label the image: /home/exp1000/bin/armhf/tensorflow/lite/c/image_classifier /home/exp1000/img_msec_1693909887342_2_input.jpeg models/default/model.tflite models/default/labels.txt 224 224 0 255
2023-09-05 10:31:50,623 INFO Inference execution time:
real	0m 2.23s
user	0m 1.94s
sys	0m 0.23s
2023-09-05 10:31:50,626 INFO Model prediction results: {"bad": 0.909631, "earth": 0.045562, "edge": 0.044807}
2023-09-05 10:31:50,628 INFO Labeling the image as 'bad'.
2023-09-05 10:31:50,633 INFO Ditching the image.
2023-09-05 10:31:50,648 INFO Removed file: /home/exp1000/img_msec_1693909887342_2.ims_rgb
2023-09-05 10:31:50,654 INFO Removed file: /home/exp1000/img_msec_1693909887342_2.png
2023-09-05 10:31:50,658 INFO Removed file: /home/exp1000/img_msec_1693909887342_2_input.jpeg
2023-09-05 10:31:50,660 INFO Removed file: /home/exp1000/img_msec_1693909887342_2_thumbnail.jpeg
2023-09-05 10:31:51,433 INFO Running command to acquire an image: ims100_testapp -R 8 -G 8 -B 8 -c /dev/cam_tty -m /dev/cam_sd -v 0 -n 1 -p -e 2 >> /home/exp1000/logs/opssat_smartcam_20230905_101302.log 2>&1

ctrl port                    : /dev/cam_tty
data port                    : /dev/cam_sd
exposure time                : 2
number of images             : 1
milliseconds between images  : 0
bw img sensor                : 0
default conf                 : 1
video duration               : 0
gain (RGB)                   : 8 8 8
-------------------------


BST IMS100 Telemetry:
    version : 
    status  : 00
    temp[°C]: 0

Set config, Starting picture taking 
exit success
2023-09-05 10:32:09,021 INFO Acquired image: /home/exp1000/img_msec_1693909914381_2.png
2023-09-05 10:32:09,023 INFO Running command to create thumbnail: /home/exp1000/bin/armhf/resizer/resize -i /home/exp1000/img_msec_1693909914381_2.png -x 614 -y 583 -c 3 -q 90 -o /home/exp1000/img_msec_1693909914381_2_thumbnail.jpeg
2023-09-05 10:32:11,031 INFO Resized: 2048 x 1944 --> 614 x 583
2023-09-05 10:32:11,033 INFO Resize execution time:
real	0m 1.97s
user	0m 1.75s
sys	0m 0.18s
2023-09-05 10:32:11,038 INFO Labeling the image using the 'default' model.
2023-09-05 10:32:11,039 INFO Running command to create input: /home/exp1000/bin/armhf/resizer/resize -i /home/exp1000/img_msec_1693909914381_2_thumbnail.jpeg -x 224 -y 224 -c 1 -q 90 -o /home/exp1000/img_msec_1693909914381_2_input.jpeg
2023-09-05 10:32:11,155 INFO Resized: 614 x 583 --> 224 x 224
2023-09-05 10:32:11,158 INFO Resize execution time:
real	0m 0.08s
user	0m 0.08s
sys	0m 0.00s
2023-09-05 10:32:11,160 INFO Running command to label the image: /home/exp1000/bin/armhf/tensorflow/lite/c/image_classifier /home/exp1000/img_msec_1693909914381_2_input.jpeg models/default/model.tflite models/default/labels.txt 224 224 0 255
2023-09-05 10:32:13,442 INFO Inference execution time:
real	0m 2.25s
user	0m 1.95s
sys	0m 0.24s
2023-09-05 10:32:13,444 INFO Model prediction results: {"bad": 0.832962, "earth": 0.079763, "edge": 0.087275}
2023-09-05 10:32:13,446 INFO Labeling the image as 'bad'.
2023-09-05 10:32:13,451 INFO Ditching the image.
2023-09-05 10:32:13,465 INFO Removed file: /home/exp1000/img_msec_1693909914381_2.ims_rgb
2023-09-05 10:32:13,471 INFO Removed file: /home/exp1000/img_msec_1693909914381_2.png
2023-09-05 10:32:13,474 INFO Removed file: /home/exp1000/img_msec_1693909914381_2_input.jpeg
2023-09-05 10:32:13,475 INFO Removed file: /home/exp1000/img_msec_1693909914381_2_thumbnail.jpeg
2023-09-05 10:32:15,162 INFO Running command to acquire an image: ims100_testapp -R 8 -G 8 -B 8 -c /dev/cam_tty -m /dev/cam_sd -v 0 -n 1 -p -e 2 >> /home/exp1000/logs/opssat_smartcam_20230905_101302.log 2>&1

ctrl port                    : /dev/cam_tty
data port                    : /dev/cam_sd
exposure time                : 2
number of images             : 1
milliseconds between images  : 0
bw img sensor                : 0
default conf                 : 1
video duration               : 0
gain (RGB)                   : 8 8 8
-------------------------


BST IMS100 Telemetry:
    version : 
    status  : 00
    temp[°C]: 0

Set config, Starting picture taking 
exit success
2023-09-05 10:32:37,807 INFO Acquired image: /home/exp1000/img_msec_1693909938059_2.png
2023-09-05 10:32:37,809 INFO Running command to create thumbnail: /home/exp1000/bin/armhf/resizer/resize -i /home/exp1000/img_msec_1693909938059_2.png -x 614 -y 583 -c 3 -q 90 -o /home/exp1000/img_msec_1693909938059_2_thumbnail.jpeg
2023-09-05 10:32:39,943 INFO Resized: 2048 x 1944 --> 614 x 583
2023-09-05 10:32:39,945 INFO Resize execution time:
real	0m 2.10s
user	0m 1.86s
sys	0m 0.19s
2023-09-05 10:32:39,950 INFO Labeling the image using the 'default' model.
2023-09-05 10:32:39,951 INFO Running command to create input: /home/exp1000/bin/armhf/resizer/resize -i /home/exp1000/img_msec_1693909938059_2_thumbnail.jpeg -x 224 -y 224 -c 1 -q 90 -o /home/exp1000/img_msec_1693909938059_2_input.jpeg
2023-09-05 10:32:40,068 INFO Resized: 614 x 583 --> 224 x 224
2023-09-05 10:32:40,071 INFO Resize execution time:
real	0m 0.08s
user	0m 0.07s
sys	0m 0.01s
2023-09-05 10:32:40,073 INFO Running command to label the image: /home/exp1000/bin/armhf/tensorflow/lite/c/image_classifier /home/exp1000/img_msec_1693909938059_2_input.jpeg models/default/model.tflite models/default/labels.txt 224 224 0 255
2023-09-05 10:32:42,362 INFO Inference execution time:
real	0m 2.26s
user	0m 1.86s
sys	0m 0.34s
2023-09-05 10:32:42,365 INFO Model prediction results: {"bad": 0.931364, "earth": 0.030448, "edge": 0.038189}
2023-09-05 10:32:42,367 INFO Labeling the image as 'bad'.
2023-09-05 10:32:42,372 INFO Ditching the image.
2023-09-05 10:32:42,387 INFO Removed file: /home/exp1000/img_msec_1693909938059_2.ims_rgb
2023-09-05 10:32:42,393 INFO Removed file: /home/exp1000/img_msec_1693909938059_2.png
2023-09-05 10:32:42,397 INFO Removed file: /home/exp1000/img_msec_1693909938059_2_input.jpeg
2023-09-05 10:32:42,398 INFO Removed file: /home/exp1000/img_msec_1693909938059_2_thumbnail.jpeg
2023-09-05 10:32:43,164 INFO Running command to acquire an image: ims100_testapp -R 8 -G 8 -B 8 -c /dev/cam_tty -m /dev/cam_sd -v 0 -n 1 -p -e 2 >> /home/exp1000/logs/opssat_smartcam_20230905_101302.log 2>&1

ctrl port                    : /dev/cam_tty
data port                    : /dev/cam_sd
exposure time                : 2
number of images             : 1
milliseconds between images  : 0
bw img sensor                : 0
default conf                 : 1
video duration               : 0
gain (RGB)                   : 8 8 8
-------------------------


BST IMS100 Telemetry:
    version : 
    status  : 00
    temp[°C]: 0

Set config, Starting picture taking 
exit success
2023-09-05 10:33:09,444 INFO Acquired image: /home/exp1000/img_msec_1693909966060_2.png
2023-09-05 10:33:09,447 INFO Running command to create thumbnail: /home/exp1000/bin/armhf/resizer/resize -i /home/exp1000/img_msec_1693909966060_2.png -x 614 -y 583 -c 3 -q 90 -o /home/exp1000/img_msec_1693909966060_2_thumbnail.jpeg
2023-09-05 10:33:11,616 INFO Resized: 2048 x 1944 --> 614 x 583
2023-09-05 10:33:11,618 INFO Resize execution time:
real	0m 2.14s
user	0m 1.92s
sys	0m 0.17s
2023-09-05 10:33:11,622 INFO Labeling the image using the 'default' model.
2023-09-05 10:33:11,624 INFO Running command to create input: /home/exp1000/bin/armhf/resizer/resize -i /home/exp1000/img_msec_1693909966060_2_thumbnail.jpeg -x 224 -y 224 -c 1 -q 90 -o /home/exp1000/img_msec_1693909966060_2_input.jpeg
2023-09-05 10:33:11,743 INFO Resized: 614 x 583 --> 224 x 224
2023-09-05 10:33:11,746 INFO Resize execution time:
real	0m 0.09s
user	0m 0.08s
sys	0m 0.00s
2023-09-05 10:33:11,749 INFO Running command to label the image: /home/exp1000/bin/armhf/tensorflow/lite/c/image_classifier /home/exp1000/img_msec_1693909966060_2_input.jpeg models/default/model.tflite models/default/labels.txt 224 224 0 255
2023-09-05 10:33:14,043 INFO Inference execution time:
real	0m 2.26s
user	0m 1.94s
sys	0m 0.26s
2023-09-05 10:33:14,046 INFO Model prediction results: {"bad": 0.619131, "earth": 0.353945, "edge": 0.026924}
2023-09-05 10:33:14,048 INFO Insufficient prediction confidence level to label the image (the threshold is currently set to 0.70).
2023-09-05 10:33:14,053 INFO Ditching the image.
2023-09-05 10:33:14,067 INFO Removed file: /home/exp1000/img_msec_1693909966060_2.ims_rgb
2023-09-05 10:33:14,076 INFO Removed file: /home/exp1000/img_msec_1693909966060_2.png
2023-09-05 10:33:14,079 INFO Removed file: /home/exp1000/img_msec_1693909966060_2_input.jpeg
2023-09-05 10:33:14,080 INFO Removed file: /home/exp1000/img_msec_1693909966060_2_thumbnail.jpeg
2023-09-05 10:33:17,603 INFO Running command to acquire an image: ims100_testapp -R 8 -G 8 -B 8 -c /dev/cam_tty -m /dev/cam_sd -v 0 -n 1 -p -e 2 >> /home/exp1000/logs/opssat_smartcam_20230905_101302.log 2>&1

ctrl port                    : /dev/cam_tty
data port                    : /dev/cam_sd
exposure time                : 2
number of images             : 1
milliseconds between images  : 0
bw img sensor                : 0
default conf                 : 1
video duration               : 0
gain (RGB)                   : 8 8 8
-------------------------


BST IMS100 Telemetry:
    version : 
    status  : 00
    temp[°C]: 0

Set config, Starting picture taking 
exit success
2023-09-05 10:33:44,341 INFO Acquired image: /home/exp1000/img_msec_1693910000542_2.png
2023-09-05 10:33:44,344 INFO Running command to create thumbnail: /home/exp1000/bin/armhf/resizer/resize -i /home/exp1000/img_msec_1693910000542_2.png -x 614 -y 583 -c 3 -q 90 -o /home/exp1000/img_msec_1693910000542_2_thumbnail.jpeg
2023-09-05 10:33:46,528 INFO Resized: 2048 x 1944 --> 614 x 583
2023-09-05 10:33:46,530 INFO Resize execution time:
real	0m 2.15s
user	0m 1.95s
sys	0m 0.15s
2023-09-05 10:33:46,534 INFO Labeling the image using the 'default' model.
2023-09-05 10:33:46,536 INFO Running command to create input: /home/exp1000/bin/armhf/resizer/resize -i /home/exp1000/img_msec_1693910000542_2_thumbnail.jpeg -x 224 -y 224 -c 1 -q 90 -o /home/exp1000/img_msec_1693910000542_2_input.jpeg
2023-09-05 10:33:46,654 INFO Resized: 614 x 583 --> 224 x 224
2023-09-05 10:33:46,657 INFO Resize execution time:
real	0m 0.09s
user	0m 0.06s
sys	0m 0.02s
2023-09-05 10:33:46,660 INFO Running command to label the image: /home/exp1000/bin/armhf/tensorflow/lite/c/image_classifier /home/exp1000/img_msec_1693910000542_2_input.jpeg models/default/model.tflite models/default/labels.txt 224 224 0 255
2023-09-05 10:33:48,961 INFO Inference execution time:
real	0m 2.27s
user	0m 2.03s
sys	0m 0.18s
2023-09-05 10:33:48,963 INFO Model prediction results: {"bad": 0.737505, "earth": 0.219568, "edge": 0.042927}
2023-09-05 10:33:48,965 INFO Labeling the image as 'bad'.
2023-09-05 10:33:48,971 INFO Ditching the image.
2023-09-05 10:33:48,986 INFO Removed file: /home/exp1000/img_msec_1693910000542_2.ims_rgb
2023-09-05 10:33:48,993 INFO Removed file: /home/exp1000/img_msec_1693910000542_2.png
2023-09-05 10:33:48,996 INFO Removed file: /home/exp1000/img_msec_1693910000542_2_input.jpeg
2023-09-05 10:33:48,998 INFO Removed file: /home/exp1000/img_msec_1693910000542_2_thumbnail.jpeg
2023-09-05 10:33:49,772 INFO Running command to acquire an image: ims100_testapp -R 8 -G 8 -B 8 -c /dev/cam_tty -m /dev/cam_sd -v 0 -n 1 -p -e 2 >> /home/exp1000/logs/opssat_smartcam_20230905_101302.log 2>&1

ctrl port                    : /dev/cam_tty
data port                    : /dev/cam_sd
exposure time                : 2
number of images             : 1
milliseconds between images  : 0
bw img sensor                : 0
default conf                 : 1
video duration               : 0
gain (RGB)                   : 8 8 8
-------------------------


BST IMS100 Telemetry:
    version : 
    status  : 00
    temp[°C]: 0

Set config, Starting picture taking 
exit success
2023-09-05 10:34:16,570 INFO Acquired image: /home/exp1000/img_msec_1693910032701_2.png
2023-09-05 10:34:16,572 INFO Running command to create thumbnail: /home/exp1000/bin/armhf/resizer/resize -i /home/exp1000/img_msec_1693910032701_2.png -x 614 -y 583 -c 3 -q 90 -o /home/exp1000/img_msec_1693910032701_2_thumbnail.jpeg
2023-09-05 10:34:18,711 INFO Resized: 2048 x 1944 --> 614 x 583
2023-09-05 10:34:18,714 INFO Resize execution time:
real	0m 2.11s
user	0m 1.78s
sys	0m 0.28s
2023-09-05 10:34:18,719 INFO Labeling the image using the 'default' model.
2023-09-05 10:34:18,720 INFO Running command to create input: /home/exp1000/bin/armhf/resizer/resize -i /home/exp1000/img_msec_1693910032701_2_thumbnail.jpeg -x 224 -y 224 -c 1 -q 90 -o /home/exp1000/img_msec_1693910032701_2_input.jpeg
2023-09-05 10:34:18,839 INFO Resized: 614 x 583 --> 224 x 224
2023-09-05 10:34:18,841 INFO Resize execution time:
real	0m 0.09s
user	0m 0.08s
sys	0m 0.00s
2023-09-05 10:34:18,844 INFO Running command to label the image: /home/exp1000/bin/armhf/tensorflow/lite/c/image_classifier /home/exp1000/img_msec_1693910032701_2_input.jpeg models/default/model.tflite models/default/labels.txt 224 224 0 255
2023-09-05 10:34:21,163 INFO Inference execution time:
real	0m 2.29s
user	0m 1.83s
sys	0m 0.39s
2023-09-05 10:34:21,165 INFO Model prediction results: {"bad": 0.447215, "earth": 0.519525, "edge": 0.033259}
2023-09-05 10:34:21,168 INFO Insufficient prediction confidence level to label the image (the threshold is currently set to 0.70).
2023-09-05 10:34:21,174 INFO Ditching the image.
2023-09-05 10:34:21,188 INFO Removed file: /home/exp1000/img_msec_1693910032701_2.ims_rgb
2023-09-05 10:34:21,195 INFO Removed file: /home/exp1000/img_msec_1693910032701_2.png
2023-09-05 10:34:21,198 INFO Removed file: /home/exp1000/img_msec_1693910032701_2_input.jpeg
2023-09-05 10:34:21,200 INFO Removed file: /home/exp1000/img_msec_1693910032701_2_thumbnail.jpeg
2023-09-05 10:53:00,141 INFO Stop experiment triggered: exiting the image acquisition loop and shutting down the app.
2023-09-05 10:53:00,169 INFO Disk usage:
Filesystem                Size      Used Available Use% Mounted on
/dev/root               975.9M    779.2M    129.5M  86% /
devtmpfs                239.2M         0    239.2M   0% /dev
tmpfs                   247.7M         0    247.7M   0% /dev/shm
tmpfs                   247.7M      3.4M    244.2M   1% /run
tmpfs                   247.7M         0    247.7M   0% /sys/fs/cgroup
tmpfs                   247.7M     28.8M    218.9M  12% /esoc-apps-flash/fms/filestore
tmpfs                   247.7M      8.1M    239.5M   3% /var/volatile
tmpfs                   247.7M      8.1M    239.5M   3% /tmp
tmpfs                   247.7M      8.1M    239.5M   3% /var/cache
tmpfs                   247.7M      8.1M    239.5M   3% /var/spool
tmpfs                    49.5M         0     49.5M   0% /run/user/0
tmpfs                   247.7M     67.6M    180.0M  27% /overlay
overlay                 247.7M     67.6M    180.0M  27% /home
overlay                 247.7M      8.1M    239.5M   3% /etc
overlay                 247.7M      8.1M    239.5M   3% /var
overlay                 247.7M      8.1M    239.5M   3% /usr
overlay                 247.7M      8.1M    239.5M   3% /lib
overlay                 247.7M      8.1M    239.5M   3% /esoc-apps-flash/space_shell
/dev/mmcblk0p3            3.9G      1.6G      2.1G  43% /tmp/mmc3

2023-09-05 10:53:00,180 INFO Tarring 6 file(s) for downlink.
