2023-09-07 10:25:02,062 INFO Tarred for downlink the thumbnail and/or log files from the previous run(s).
2023-09-07 10:27:01,844 INFO Running command to acquire an image: ims100_testapp -R 8 -G 8 -B 8 -c /dev/cam_tty -m /dev/cam_sd -v 0 -n 1 -p -e 2 >> /home/exp1000/logs/opssat_smartcam_20230907_102501.log 2>&1

ctrl port                    : /dev/cam_tty
data port                    : /dev/cam_sd
exposure time                : 2
number of images             : 1
milliseconds between images  : 0
bw img sensor                : 0
default conf                 : 1
video duration               : 0
gain (RGB)                   : 8 8 8
-------------------------


BST IMS100 Telemetry:
    version : 
    status  : 00
    temp[°C]: 0

Set config, Starting picture taking 
exit success
2023-09-07 10:27:36,915 INFO Acquired image: /home/exp1000/img_msec_1694082424800_2.png
2023-09-07 10:27:36,918 INFO Running command to create thumbnail: /home/exp1000/bin/armhf/resizer/resize -i /home/exp1000/img_msec_1694082424800_2.png -x 614 -y 583 -c 3 -q 90 -o /home/exp1000/img_msec_1694082424800_2_thumbnail.jpeg
2023-09-07 10:27:39,103 INFO Resized: 2048 x 1944 --> 614 x 583
2023-09-07 10:27:39,105 INFO Resize execution time:
real	0m 2.15s
user	0m 1.90s
sys	0m 0.18s
2023-09-07 10:27:39,110 INFO Labeling the image using the 'default' model.
2023-09-07 10:27:39,112 INFO Running command to create input: /home/exp1000/bin/armhf/resizer/resize -i /home/exp1000/img_msec_1694082424800_2_thumbnail.jpeg -x 224 -y 224 -c 1 -q 90 -o /home/exp1000/img_msec_1694082424800_2_input.jpeg
2023-09-07 10:27:39,232 INFO Resized: 614 x 583 --> 224 x 224
2023-09-07 10:27:39,234 INFO Resize execution time:
real	0m 0.09s
user	0m 0.07s
sys	0m 0.02s
2023-09-07 10:27:39,237 INFO Running command to label the image: /home/exp1000/bin/armhf/tensorflow/lite/c/image_classifier /home/exp1000/img_msec_1694082424800_2_input.jpeg models/default/model.tflite models/default/labels.txt 224 224 0 255
2023-09-07 10:27:41,519 INFO Inference execution time:
real	0m 2.25s
user	0m 2.04s
sys	0m 0.15s
2023-09-07 10:27:41,521 INFO Model prediction results: {"bad": 0.554495, "earth": 0.412101, "edge": 0.033404}
2023-09-07 10:27:41,523 INFO Insufficient prediction confidence level to label the image (the threshold is currently set to 0.70).
2023-09-07 10:27:41,533 INFO Ditching the image.
2023-09-07 10:27:41,547 INFO Removed file: /home/exp1000/img_msec_1694082424800_2.ims_rgb
2023-09-07 10:27:41,555 INFO Removed file: /home/exp1000/img_msec_1694082424800_2.png
2023-09-07 10:27:41,558 INFO Removed file: /home/exp1000/img_msec_1694082424800_2_input.jpeg
2023-09-07 10:27:41,560 INFO Removed file: /home/exp1000/img_msec_1694082424800_2_thumbnail.jpeg
2023-09-07 10:27:42,493 INFO Running command to acquire an image: ims100_testapp -R 8 -G 8 -B 8 -c /dev/cam_tty -m /dev/cam_sd -v 0 -n 1 -p -e 2 >> /home/exp1000/logs/opssat_smartcam_20230907_102501.log 2>&1

ctrl port                    : /dev/cam_tty
data port                    : /dev/cam_sd
exposure time                : 2
number of images             : 1
milliseconds between images  : 0
bw img sensor                : 0
default conf                 : 1
video duration               : 0
gain (RGB)                   : 8 8 8
-------------------------


BST IMS100 Telemetry:
    version : 
    status  : 00
    temp[°C]: 0

Set config, Starting picture taking 
exit success
2023-09-07 10:28:12,782 INFO Acquired image: /home/exp1000/img_msec_1694082465442_2.png
2023-09-07 10:28:12,784 INFO Running command to create thumbnail: /home/exp1000/bin/armhf/resizer/resize -i /home/exp1000/img_msec_1694082465442_2.png -x 614 -y 583 -c 3 -q 90 -o /home/exp1000/img_msec_1694082465442_2_thumbnail.jpeg
2023-09-07 10:28:14,903 INFO Resized: 2048 x 1944 --> 614 x 583
2023-09-07 10:28:14,905 INFO Resize execution time:
real	0m 2.09s
user	0m 1.87s
sys	0m 0.18s
2023-09-07 10:28:14,910 INFO Labeling the image using the 'default' model.
2023-09-07 10:28:14,911 INFO Running command to create input: /home/exp1000/bin/armhf/resizer/resize -i /home/exp1000/img_msec_1694082465442_2_thumbnail.jpeg -x 224 -y 224 -c 1 -q 90 -o /home/exp1000/img_msec_1694082465442_2_input.jpeg
2023-09-07 10:28:15,029 INFO Resized: 614 x 583 --> 224 x 224
2023-09-07 10:28:15,031 INFO Resize execution time:
real	0m 0.09s
user	0m 0.07s
sys	0m 0.01s
2023-09-07 10:28:15,034 INFO Running command to label the image: /home/exp1000/bin/armhf/tensorflow/lite/c/image_classifier /home/exp1000/img_msec_1694082465442_2_input.jpeg models/default/model.tflite models/default/labels.txt 224 224 0 255
2023-09-07 10:28:17,321 INFO Inference execution time:
real	0m 2.25s
user	0m 1.99s
sys	0m 0.19s
2023-09-07 10:28:17,323 INFO Model prediction results: {"bad": 0.528431, "earth": 0.433849, "edge": 0.037721}
2023-09-07 10:28:17,325 INFO Insufficient prediction confidence level to label the image (the threshold is currently set to 0.70).
2023-09-07 10:28:17,331 INFO Ditching the image.
2023-09-07 10:28:17,345 INFO Removed file: /home/exp1000/img_msec_1694082465442_2.ims_rgb
2023-09-07 10:28:17,352 INFO Removed file: /home/exp1000/img_msec_1694082465442_2.png
2023-09-07 10:28:17,355 INFO Removed file: /home/exp1000/img_msec_1694082465442_2_input.jpeg
2023-09-07 10:28:17,359 INFO Removed file: /home/exp1000/img_msec_1694082465442_2_thumbnail.jpeg
2023-09-07 10:28:18,262 INFO Running command to acquire an image: ims100_testapp -R 8 -G 8 -B 8 -c /dev/cam_tty -m /dev/cam_sd -v 0 -n 1 -p -e 2 >> /home/exp1000/logs/opssat_smartcam_20230907_102501.log 2>&1

ctrl port                    : /dev/cam_tty
data port                    : /dev/cam_sd
exposure time                : 2
number of images             : 1
milliseconds between images  : 0
bw img sensor                : 0
default conf                 : 1
video duration               : 0
gain (RGB)                   : 8 8 8
-------------------------


BST IMS100 Telemetry:
    version : 
    status  : 00
    temp[°C]: 0

Set config, Starting picture taking 
exit success
2023-09-07 10:28:50,131 INFO Acquired image: /home/exp1000/img_msec_1694082501200_2.png
2023-09-07 10:28:50,134 INFO Running command to create thumbnail: /home/exp1000/bin/armhf/resizer/resize -i /home/exp1000/img_msec_1694082501200_2.png -x 614 -y 583 -c 3 -q 90 -o /home/exp1000/img_msec_1694082501200_2_thumbnail.jpeg
2023-09-07 10:28:52,300 INFO Resized: 2048 x 1944 --> 614 x 583
2023-09-07 10:28:52,302 INFO Resize execution time:
real	0m 2.13s
user	0m 1.90s
sys	0m 0.17s
2023-09-07 10:28:52,306 INFO Labeling the image using the 'default' model.
2023-09-07 10:28:52,308 INFO Running command to create input: /home/exp1000/bin/armhf/resizer/resize -i /home/exp1000/img_msec_1694082501200_2_thumbnail.jpeg -x 224 -y 224 -c 1 -q 90 -o /home/exp1000/img_msec_1694082501200_2_input.jpeg
2023-09-07 10:28:52,443 INFO Resized: 614 x 583 --> 224 x 224
2023-09-07 10:28:52,446 INFO Resize execution time:
real	0m 0.10s
user	0m 0.08s
sys	0m 0.00s
2023-09-07 10:28:52,449 INFO Running command to label the image: /home/exp1000/bin/armhf/tensorflow/lite/c/image_classifier /home/exp1000/img_msec_1694082501200_2_input.jpeg models/default/model.tflite models/default/labels.txt 224 224 0 255
2023-09-07 10:28:54,690 INFO Inference execution time:
real	0m 2.21s
user	0m 1.87s
sys	0m 0.28s
2023-09-07 10:28:54,692 INFO Model prediction results: {"bad": 0.487557, "earth": 0.423692, "edge": 0.088751}
2023-09-07 10:28:54,694 INFO Insufficient prediction confidence level to label the image (the threshold is currently set to 0.70).
2023-09-07 10:28:54,699 INFO Ditching the image.
2023-09-07 10:28:54,713 INFO Removed file: /home/exp1000/img_msec_1694082501200_2.ims_rgb
2023-09-07 10:28:54,721 INFO Removed file: /home/exp1000/img_msec_1694082501200_2.png
2023-09-07 10:28:54,724 INFO Removed file: /home/exp1000/img_msec_1694082501200_2_input.jpeg
2023-09-07 10:28:54,725 INFO Removed file: /home/exp1000/img_msec_1694082501200_2_thumbnail.jpeg
2023-09-07 10:28:55,614 INFO Running command to acquire an image: ims100_testapp -R 8 -G 8 -B 8 -c /dev/cam_tty -m /dev/cam_sd -v 0 -n 1 -p -e 2 >> /home/exp1000/logs/opssat_smartcam_20230907_102501.log 2>&1

ctrl port                    : /dev/cam_tty
data port                    : /dev/cam_sd
exposure time                : 2
number of images             : 1
milliseconds between images  : 0
bw img sensor                : 0
default conf                 : 1
video duration               : 0
gain (RGB)                   : 8 8 8
-------------------------


BST IMS100 Telemetry:
    version : 
    status  : 00
    temp[°C]: 0

Set config, Starting picture taking 
exit success
2023-09-07 10:29:40,579 INFO Acquired image: /home/exp1000/img_msec_1694082538562_2.png
2023-09-07 10:29:40,582 INFO Running command to create thumbnail: /home/exp1000/bin/armhf/resizer/resize -i /home/exp1000/img_msec_1694082538562_2.png -x 614 -y 583 -c 3 -q 90 -o /home/exp1000/img_msec_1694082538562_2_thumbnail.jpeg
2023-09-07 10:29:42,853 INFO Resized: 2048 x 1944 --> 614 x 583
2023-09-07 10:29:42,855 INFO Resize execution time:
real	0m 2.24s
user	0m 2.02s
sys	0m 0.14s
2023-09-07 10:29:42,860 INFO Labeling the image using the 'default' model.
2023-09-07 10:29:42,861 INFO Running command to create input: /home/exp1000/bin/armhf/resizer/resize -i /home/exp1000/img_msec_1694082538562_2_thumbnail.jpeg -x 224 -y 224 -c 1 -q 90 -o /home/exp1000/img_msec_1694082538562_2_input.jpeg
2023-09-07 10:29:42,983 INFO Resized: 614 x 583 --> 224 x 224
2023-09-07 10:29:42,986 INFO Resize execution time:
real	0m 0.09s
user	0m 0.08s
sys	0m 0.01s
2023-09-07 10:29:42,989 INFO Running command to label the image: /home/exp1000/bin/armhf/tensorflow/lite/c/image_classifier /home/exp1000/img_msec_1694082538562_2_input.jpeg models/default/model.tflite models/default/labels.txt 224 224 0 255
2023-09-07 10:29:45,269 INFO Inference execution time:
real	0m 2.25s
user	0m 1.91s
sys	0m 0.28s
2023-09-07 10:29:45,271 INFO Model prediction results: {"bad": 0.306360, "earth": 0.643166, "edge": 0.050474}
2023-09-07 10:29:45,273 INFO Insufficient prediction confidence level to label the image (the threshold is currently set to 0.70).
2023-09-07 10:29:45,278 INFO Ditching the image.
2023-09-07 10:29:45,292 INFO Removed file: /home/exp1000/img_msec_1694082538562_2.ims_rgb
2023-09-07 10:29:45,300 INFO Removed file: /home/exp1000/img_msec_1694082538562_2.png
2023-09-07 10:29:45,303 INFO Removed file: /home/exp1000/img_msec_1694082538562_2_input.jpeg
2023-09-07 10:29:45,305 INFO Removed file: /home/exp1000/img_msec_1694082538562_2_thumbnail.jpeg
2023-09-07 10:29:46,195 INFO Running command to acquire an image: ims100_testapp -R 8 -G 8 -B 8 -c /dev/cam_tty -m /dev/cam_sd -v 0 -n 1 -p -e 2 >> /home/exp1000/logs/opssat_smartcam_20230907_102501.log 2>&1

ctrl port                    : /dev/cam_tty
data port                    : /dev/cam_sd
exposure time                : 2
number of images             : 1
milliseconds between images  : 0
bw img sensor                : 0
default conf                 : 1
video duration               : 0
gain (RGB)                   : 8 8 8
-------------------------


BST IMS100 Telemetry:
    version : 
    status  : 00
    temp[°C]: 0

Set config, Starting picture taking 
exit success
2023-09-07 10:30:20,442 INFO Acquired image: /home/exp1000/img_msec_1694082589120_2.png
2023-09-07 10:30:20,445 INFO Running command to create thumbnail: /home/exp1000/bin/armhf/resizer/resize -i /home/exp1000/img_msec_1694082589120_2.png -x 614 -y 583 -c 3 -q 90 -o /home/exp1000/img_msec_1694082589120_2_thumbnail.jpeg
2023-09-07 10:30:22,754 INFO Resized: 2048 x 1944 --> 614 x 583
2023-09-07 10:30:22,757 INFO Resize execution time:
real	0m 2.28s
user	0m 2.03s
sys	0m 0.17s
2023-09-07 10:30:22,761 INFO Labeling the image using the 'default' model.
2023-09-07 10:30:22,763 INFO Running command to create input: /home/exp1000/bin/armhf/resizer/resize -i /home/exp1000/img_msec_1694082589120_2_thumbnail.jpeg -x 224 -y 224 -c 1 -q 90 -o /home/exp1000/img_msec_1694082589120_2_input.jpeg
2023-09-07 10:30:22,885 INFO Resized: 614 x 583 --> 224 x 224
2023-09-07 10:30:22,888 INFO Resize execution time:
real	0m 0.09s
user	0m 0.09s
sys	0m 0.00s
2023-09-07 10:30:22,891 INFO Running command to label the image: /home/exp1000/bin/armhf/tensorflow/lite/c/image_classifier /home/exp1000/img_msec_1694082589120_2_input.jpeg models/default/model.tflite models/default/labels.txt 224 224 0 255
2023-09-07 10:30:25,168 INFO Inference execution time:
real	0m 2.25s
user	0m 1.95s
sys	0m 0.24s
2023-09-07 10:30:25,170 INFO Model prediction results: {"bad": 0.119516, "earth": 0.835634, "edge": 0.044850}
2023-09-07 10:30:25,173 INFO Labeling the image as 'earth'.
2023-09-07 10:30:25,176 INFO Labeling the image using the 'noiser' model.
2023-09-07 10:30:25,177 INFO Running command for executable binary: /home/exp253/noiser -i /home/exp1000/img_msec_1694082589120_2_thumbnail.jpeg -w 3 -r 224x224 -t 1 -n 50 -q 100
2023-09-07 10:30:25,492 INFO Binary execution time:
real	0m 0.28s
user	0m 0.28s
sys	0m 0.00s
2023-09-07 10:30:25,494 INFO Classification results: {"noised": 10000, "_noise_factor": 50, "_noise_type": 1}
2023-09-07 10:30:25,496 INFO Labeling the image as 'noised'.
2023-09-07 10:30:25,499 INFO Labeling the image using the 'default2' model.
2023-09-07 10:30:25,501 INFO Running command to create input: /home/exp1000/bin/armhf/resizer/resize -i /home/exp1000/img_msec_1694082589120_2_thumbnail.jpeg -x 224 -y 224 -c 1 -q 90 -o /home/exp1000/img_msec_1694082589120_2_input.jpeg
2023-09-07 10:30:25,575 INFO Resized: 224 x 224 --> 224 x 224
2023-09-07 10:30:25,578 INFO Resize execution time:
real	0m 0.04s
user	0m 0.04s
sys	0m 0.00s
2023-09-07 10:30:25,580 INFO Running command to label the image: /home/exp1000/bin/armhf/tensorflow/lite/c/image_classifier /home/exp1000/img_msec_1694082589120_2_input.jpeg models/default/model.tflite models/default/labels.txt 224 224 0 255
2023-09-07 10:30:27,888 INFO Inference execution time:
real	0m 2.27s
user	0m 1.91s
sys	0m 0.27s
2023-09-07 10:30:27,890 INFO Model prediction results: {"bad": 0.945042, "earth": 0.038793, "edge": 0.016164}
2023-09-07 10:30:27,892 INFO Labeling the image as 'bad'.
2023-09-07 10:30:27,895 INFO Labeling the image using the 'denoiser' model.
2023-09-07 10:30:27,897 INFO Running command for executable binary: /home/exp253/denoiser -i /home/exp1000/img_msec_1694082589120_2_thumbnail.jpeg -w 3 -q 100 -m /home/exp253/models/denoiser_ae_fnp50.tflite
2023-09-07 10:30:59,328 INFO Binary execution time:
real	0m 31.40s
user	0m 29.18s
sys	0m 0.72s
2023-09-07 10:30:59,331 INFO Classification results: {"denoised": 1}
2023-09-07 10:30:59,333 INFO Labeling the image as 'denoised'.
2023-09-07 10:30:59,336 INFO Labeling the image using the 'default3' model.
2023-09-07 10:30:59,338 INFO Running command to create input: /home/exp1000/bin/armhf/resizer/resize -i /home/exp1000/img_msec_1694082589120_2_thumbnail.jpeg -x 224 -y 224 -c 1 -q 90 -o /home/exp1000/img_msec_1694082589120_2_input.jpeg
2023-09-07 10:30:59,400 INFO Resized: 224 x 224 --> 224 x 224
2023-09-07 10:30:59,402 INFO Resize execution time:
real	0m 0.03s
user	0m 0.03s
sys	0m 0.00s
2023-09-07 10:30:59,405 INFO Running command to label the image: /home/exp1000/bin/armhf/tensorflow/lite/c/image_classifier /home/exp1000/img_msec_1694082589120_2_input.jpeg models/default/model.tflite models/default/labels.txt 224 224 0 255
2023-09-07 10:31:01,751 INFO Inference execution time:
real	0m 2.31s
user	0m 1.89s
sys	0m 0.28s
2023-09-07 10:31:01,753 INFO Model prediction results: {"bad": 0.168113, "earth": 0.791594, "edge": 0.040292}
2023-09-07 10:31:01,755 INFO Labeling the image as 'earth'.
2023-09-07 10:31:01,761 INFO Keeping the image.
2023-09-07 10:31:02,278 INFO Running command to acquire an image: ims100_testapp -R 8 -G 8 -B 8 -c /dev/cam_tty -m /dev/cam_sd -v 0 -n 1 -p -e 2 >> /home/exp1000/logs/opssat_smartcam_20230907_102501.log 2>&1

ctrl port                    : /dev/cam_tty
data port                    : /dev/cam_sd
exposure time                : 2
number of images             : 1
milliseconds between images  : 0
bw img sensor                : 0
default conf                 : 1
video duration               : 0
gain (RGB)                   : 8 8 8
-------------------------


BST IMS100 Telemetry:
    version : 
    status  : 00
    temp[°C]: 0

Set config, Starting picture taking 
exit success
2023-09-07 10:31:37,685 INFO Acquired image: /home/exp1000/img_msec_1694082665200_2.png
2023-09-07 10:31:37,688 INFO Running command to create thumbnail: /home/exp1000/bin/armhf/resizer/resize -i /home/exp1000/img_msec_1694082665200_2.png -x 614 -y 583 -c 3 -q 90 -o /home/exp1000/img_msec_1694082665200_2_thumbnail.jpeg
2023-09-07 10:31:39,914 INFO Resized: 2048 x 1944 --> 614 x 583
2023-09-07 10:31:39,917 INFO Resize execution time:
real	0m 2.19s
user	0m 2.02s
sys	0m 0.13s
2023-09-07 10:31:39,921 INFO Labeling the image using the 'default' model.
2023-09-07 10:31:39,923 INFO Running command to create input: /home/exp1000/bin/armhf/resizer/resize -i /home/exp1000/img_msec_1694082665200_2_thumbnail.jpeg -x 224 -y 224 -c 1 -q 90 -o /home/exp1000/img_msec_1694082665200_2_input.jpeg
2023-09-07 10:31:40,044 INFO Resized: 614 x 583 --> 224 x 224
2023-09-07 10:31:40,047 INFO Resize execution time:
real	0m 0.09s
user	0m 0.09s
sys	0m 0.00s
2023-09-07 10:31:40,050 INFO Running command to label the image: /home/exp1000/bin/armhf/tensorflow/lite/c/image_classifier /home/exp1000/img_msec_1694082665200_2_input.jpeg models/default/model.tflite models/default/labels.txt 224 224 0 255
2023-09-07 10:31:42,342 INFO Inference execution time:
real	0m 2.26s
user	0m 1.94s
sys	0m 0.25s
2023-09-07 10:31:42,344 INFO Model prediction results: {"bad": 0.033872, "earth": 0.914706, "edge": 0.051423}
2023-09-07 10:31:42,345 INFO Labeling the image as 'earth'.
2023-09-07 10:31:42,349 INFO Labeling the image using the 'noiser' model.
2023-09-07 10:31:42,350 INFO Running command for executable binary: /home/exp253/noiser -i /home/exp1000/img_msec_1694082665200_2_thumbnail.jpeg -w 3 -r 224x224 -t 1 -n 50 -q 100
2023-09-07 10:31:42,685 INFO Binary execution time:
real	0m 0.28s
user	0m 0.27s
sys	0m 0.01s
2023-09-07 10:31:42,688 INFO Classification results: {"noised": 10000, "_noise_factor": 50, "_noise_type": 1}
2023-09-07 10:31:42,689 INFO Labeling the image as 'noised'.
2023-09-07 10:31:42,692 INFO Labeling the image using the 'default2' model.
2023-09-07 10:31:42,693 INFO Running command to create input: /home/exp1000/bin/armhf/resizer/resize -i /home/exp1000/img_msec_1694082665200_2_thumbnail.jpeg -x 224 -y 224 -c 1 -q 90 -o /home/exp1000/img_msec_1694082665200_2_input.jpeg
2023-09-07 10:31:42,769 INFO Resized: 224 x 224 --> 224 x 224
2023-09-07 10:31:42,771 INFO Resize execution time:
real	0m 0.04s
user	0m 0.03s
sys	0m 0.01s
2023-09-07 10:31:42,773 INFO Running command to label the image: /home/exp1000/bin/armhf/tensorflow/lite/c/image_classifier /home/exp1000/img_msec_1694082665200_2_input.jpeg models/default/model.tflite models/default/labels.txt 224 224 0 255
2023-09-07 10:31:45,061 INFO Inference execution time:
real	0m 2.26s
user	0m 2.04s
sys	0m 0.16s
2023-09-07 10:31:45,063 INFO Model prediction results: {"bad": 0.879496, "earth": 0.096122, "edge": 0.024382}
2023-09-07 10:31:45,065 INFO Labeling the image as 'bad'.
2023-09-07 10:31:45,069 INFO Labeling the image using the 'denoiser' model.
2023-09-07 10:31:45,070 INFO Running command for executable binary: /home/exp253/denoiser -i /home/exp1000/img_msec_1694082665200_2_thumbnail.jpeg -w 3 -q 100 -m /home/exp253/models/denoiser_ae_fnp50.tflite
2023-09-07 10:32:16,304 INFO Binary execution time:
real	0m 31.20s
user	0m 29.86s
sys	0m 0.60s
2023-09-07 10:32:16,307 INFO Classification results: {"denoised": 1}
2023-09-07 10:32:16,309 INFO Labeling the image as 'denoised'.
2023-09-07 10:32:16,312 INFO Labeling the image using the 'default3' model.
2023-09-07 10:32:16,313 INFO Running command to create input: /home/exp1000/bin/armhf/resizer/resize -i /home/exp1000/img_msec_1694082665200_2_thumbnail.jpeg -x 224 -y 224 -c 1 -q 90 -o /home/exp1000/img_msec_1694082665200_2_input.jpeg
2023-09-07 10:32:16,375 INFO Resized: 224 x 224 --> 224 x 224
2023-09-07 10:32:16,378 INFO Resize execution time:
real	0m 0.03s
user	0m 0.02s
sys	0m 0.01s
2023-09-07 10:32:16,381 INFO Running command to label the image: /home/exp1000/bin/armhf/tensorflow/lite/c/image_classifier /home/exp1000/img_msec_1694082665200_2_input.jpeg models/default/model.tflite models/default/labels.txt 224 224 0 255
2023-09-07 10:32:18,713 INFO Inference execution time:
real	0m 2.30s
user	0m 2.00s
sys	0m 0.21s
2023-09-07 10:32:18,715 INFO Model prediction results: {"bad": 0.079958, "earth": 0.877654, "edge": 0.042389}
2023-09-07 10:32:18,718 INFO Labeling the image as 'earth'.
2023-09-07 10:32:18,723 INFO Keeping the image.
2023-09-07 10:32:19,218 INFO Running command to acquire an image: ims100_testapp -R 8 -G 8 -B 8 -c /dev/cam_tty -m /dev/cam_sd -v 0 -n 1 -p -e 2 >> /home/exp1000/logs/opssat_smartcam_20230907_102501.log 2>&1

ctrl port                    : /dev/cam_tty
data port                    : /dev/cam_sd
exposure time                : 2
number of images             : 1
milliseconds between images  : 0
bw img sensor                : 0
default conf                 : 1
video duration               : 0
gain (RGB)                   : 8 8 8
-------------------------


BST IMS100 Telemetry:
    version : 
    status  : 00
    temp[°C]: 0

Set config, Starting picture taking 
exit success
2023-09-07 10:32:47,090 INFO Acquired image: /home/exp1000/img_msec_1694082742162_2.png
2023-09-07 10:32:47,092 INFO Running command to create thumbnail: /home/exp1000/bin/armhf/resizer/resize -i /home/exp1000/img_msec_1694082742162_2.png -x 614 -y 583 -c 3 -q 90 -o /home/exp1000/img_msec_1694082742162_2_thumbnail.jpeg
2023-09-07 10:32:49,338 INFO Resized: 2048 x 1944 --> 614 x 583
2023-09-07 10:32:49,341 INFO Resize execution time:
real	0m 2.22s
user	0m 2.03s
sys	0m 0.11s
2023-09-07 10:32:49,345 INFO Labeling the image using the 'default' model.
2023-09-07 10:32:49,347 INFO Running command to create input: /home/exp1000/bin/armhf/resizer/resize -i /home/exp1000/img_msec_1694082742162_2_thumbnail.jpeg -x 224 -y 224 -c 1 -q 90 -o /home/exp1000/img_msec_1694082742162_2_input.jpeg
2023-09-07 10:32:49,465 INFO Resized: 614 x 583 --> 224 x 224
2023-09-07 10:32:49,468 INFO Resize execution time:
real	0m 0.09s
user	0m 0.08s
sys	0m 0.00s
2023-09-07 10:32:49,470 INFO Running command to label the image: /home/exp1000/bin/armhf/tensorflow/lite/c/image_classifier /home/exp1000/img_msec_1694082742162_2_input.jpeg models/default/model.tflite models/default/labels.txt 224 224 0 255
2023-09-07 10:32:51,744 INFO Inference execution time:
real	0m 2.24s
user	0m 1.88s
sys	0m 0.30s
2023-09-07 10:32:51,746 INFO Model prediction results: {"bad": 0.863412, "earth": 0.117228, "edge": 0.019360}
2023-09-07 10:32:51,748 INFO Labeling the image as 'bad'.
2023-09-07 10:32:51,753 INFO Ditching the image.
2023-09-07 10:32:51,767 INFO Removed file: /home/exp1000/img_msec_1694082742162_2.ims_rgb
2023-09-07 10:32:51,774 INFO Removed file: /home/exp1000/img_msec_1694082742162_2.png
2023-09-07 10:32:51,777 INFO Removed file: /home/exp1000/img_msec_1694082742162_2_input.jpeg
2023-09-07 10:32:51,779 INFO Removed file: /home/exp1000/img_msec_1694082742162_2_thumbnail.jpeg
2023-09-07 10:32:52,689 INFO Running command to acquire an image: ims100_testapp -R 8 -G 8 -B 8 -c /dev/cam_tty -m /dev/cam_sd -v 0 -n 1 -p -e 2 >> /home/exp1000/logs/opssat_smartcam_20230907_102501.log 2>&1

ctrl port                    : /dev/cam_tty
data port                    : /dev/cam_sd
exposure time                : 2
number of images             : 1
milliseconds between images  : 0
bw img sensor                : 0
default conf                 : 1
video duration               : 0
gain (RGB)                   : 8 8 8
-------------------------


BST IMS100 Telemetry:
    version : 
    status  : 00
    temp[°C]: 0

Set config, Starting picture taking 
exit success
2023-09-07 10:33:04,481 INFO Acquired image: /home/exp1000/img_msec_1694082775601_2.png
2023-09-07 10:33:04,484 INFO Running command to create thumbnail: /home/exp1000/bin/armhf/resizer/resize -i /home/exp1000/img_msec_1694082775601_2.png -x 614 -y 583 -c 3 -q 90 -o /home/exp1000/img_msec_1694082775601_2_thumbnail.jpeg
2023-09-07 10:33:06,380 INFO Resized: 2048 x 1944 --> 614 x 583
2023-09-07 10:33:06,382 INFO Resize execution time:
real	0m 1.86s
user	0m 1.69s
sys	0m 0.14s
2023-09-07 10:33:06,387 INFO Labeling the image using the 'default' model.
2023-09-07 10:33:06,389 INFO Running command to create input: /home/exp1000/bin/armhf/resizer/resize -i /home/exp1000/img_msec_1694082775601_2_thumbnail.jpeg -x 224 -y 224 -c 1 -q 90 -o /home/exp1000/img_msec_1694082775601_2_input.jpeg
2023-09-07 10:33:06,503 INFO Resized: 614 x 583 --> 224 x 224
2023-09-07 10:33:06,505 INFO Resize execution time:
real	0m 0.08s
user	0m 0.07s
sys	0m 0.01s
2023-09-07 10:33:06,508 INFO Running command to label the image: /home/exp1000/bin/armhf/tensorflow/lite/c/image_classifier /home/exp1000/img_msec_1694082775601_2_input.jpeg models/default/model.tflite models/default/labels.txt 224 224 0 255
2023-09-07 10:33:08,845 INFO Inference execution time:
real	0m 2.31s
user	0m 1.92s
sys	0m 0.29s
2023-09-07 10:33:08,848 INFO Model prediction results: {"bad": 0.848982, "earth": 0.061249, "edge": 0.089770}
2023-09-07 10:33:08,850 INFO Labeling the image as 'bad'.
2023-09-07 10:33:08,855 INFO Ditching the image.
2023-09-07 10:33:08,870 INFO Removed file: /home/exp1000/img_msec_1694082775601_2.ims_rgb
2023-09-07 10:33:08,875 INFO Removed file: /home/exp1000/img_msec_1694082775601_2.png
2023-09-07 10:33:08,879 INFO Removed file: /home/exp1000/img_msec_1694082775601_2_input.jpeg
2023-09-07 10:33:08,880 INFO Removed file: /home/exp1000/img_msec_1694082775601_2_thumbnail.jpeg
2023-09-07 10:33:09,775 INFO Running command to acquire an image: ims100_testapp -R 8 -G 8 -B 8 -c /dev/cam_tty -m /dev/cam_sd -v 0 -n 1 -p -e 2 >> /home/exp1000/logs/opssat_smartcam_20230907_102501.log 2>&1

ctrl port                    : /dev/cam_tty
data port                    : /dev/cam_sd
exposure time                : 2
number of images             : 1
milliseconds between images  : 0
bw img sensor                : 0
default conf                 : 1
video duration               : 0
gain (RGB)                   : 8 8 8
-------------------------


BST IMS100 Telemetry:
    version : 
    status  : 00
    temp[°C]: 0

Set config, Starting picture taking 
exit success
2023-09-07 10:33:35,325 INFO Acquired image: /home/exp1000/img_msec_1694082792722_2.png
2023-09-07 10:33:35,328 INFO Running command to create thumbnail: /home/exp1000/bin/armhf/resizer/resize -i /home/exp1000/img_msec_1694082792722_2.png -x 614 -y 583 -c 3 -q 90 -o /home/exp1000/img_msec_1694082792722_2_thumbnail.jpeg
2023-09-07 10:33:37,471 INFO Resized: 2048 x 1944 --> 614 x 583
2023-09-07 10:33:37,473 INFO Resize execution time:
real	0m 2.11s
user	0m 1.84s
sys	0m 0.20s
2023-09-07 10:33:37,478 INFO Labeling the image using the 'default' model.
2023-09-07 10:33:37,480 INFO Running command to create input: /home/exp1000/bin/armhf/resizer/resize -i /home/exp1000/img_msec_1694082792722_2_thumbnail.jpeg -x 224 -y 224 -c 1 -q 90 -o /home/exp1000/img_msec_1694082792722_2_input.jpeg
2023-09-07 10:33:37,595 INFO Resized: 614 x 583 --> 224 x 224
2023-09-07 10:33:37,598 INFO Resize execution time:
real	0m 0.09s
user	0m 0.08s
sys	0m 0.00s
2023-09-07 10:33:37,601 INFO Running command to label the image: /home/exp1000/bin/armhf/tensorflow/lite/c/image_classifier /home/exp1000/img_msec_1694082792722_2_input.jpeg models/default/model.tflite models/default/labels.txt 224 224 0 255
2023-09-07 10:33:39,863 INFO Inference execution time:
real	0m 2.23s
user	0m 1.89s
sys	0m 0.28s
2023-09-07 10:33:39,865 INFO Model prediction results: {"bad": 0.697937, "earth": 0.270819, "edge": 0.031243}
2023-09-07 10:33:39,867 INFO Insufficient prediction confidence level to label the image (the threshold is currently set to 0.70).
2023-09-07 10:33:39,872 INFO Ditching the image.
2023-09-07 10:33:39,887 INFO Removed file: /home/exp1000/img_msec_1694082792722_2.ims_rgb
2023-09-07 10:33:39,895 INFO Removed file: /home/exp1000/img_msec_1694082792722_2.png
2023-09-07 10:33:39,898 INFO Removed file: /home/exp1000/img_msec_1694082792722_2_input.jpeg
2023-09-07 10:33:39,900 INFO Removed file: /home/exp1000/img_msec_1694082792722_2_thumbnail.jpeg
2023-09-07 10:33:40,798 INFO Running command to acquire an image: ims100_testapp -R 8 -G 8 -B 8 -c /dev/cam_tty -m /dev/cam_sd -v 0 -n 1 -p -e 2 >> /home/exp1000/logs/opssat_smartcam_20230907_102501.log 2>&1

ctrl port                    : /dev/cam_tty
data port                    : /dev/cam_sd
exposure time                : 2
number of images             : 1
milliseconds between images  : 0
bw img sensor                : 0
default conf                 : 1
video duration               : 0
gain (RGB)                   : 8 8 8
-------------------------


BST IMS100 Telemetry:
    version : 
    status  : 00
    temp[°C]: 0

Set config, Starting picture taking 
exit success
2023-09-07 10:34:10,378 INFO Acquired image: /home/exp1000/img_msec_1694082823762_2.png
2023-09-07 10:34:10,381 INFO Running command to create thumbnail: /home/exp1000/bin/armhf/resizer/resize -i /home/exp1000/img_msec_1694082823762_2.png -x 614 -y 583 -c 3 -q 90 -o /home/exp1000/img_msec_1694082823762_2_thumbnail.jpeg
2023-09-07 10:34:12,607 INFO Resized: 2048 x 1944 --> 614 x 583
2023-09-07 10:34:12,610 INFO Resize execution time:
real	0m 2.19s
user	0m 1.93s
sys	0m 0.19s
2023-09-07 10:34:12,614 INFO Labeling the image using the 'default' model.
2023-09-07 10:34:12,615 INFO Running command to create input: /home/exp1000/bin/armhf/resizer/resize -i /home/exp1000/img_msec_1694082823762_2_thumbnail.jpeg -x 224 -y 224 -c 1 -q 90 -o /home/exp1000/img_msec_1694082823762_2_input.jpeg
2023-09-07 10:34:12,732 INFO Resized: 614 x 583 --> 224 x 224
2023-09-07 10:34:12,734 INFO Resize execution time:
real	0m 0.08s
user	0m 0.08s
sys	0m 0.00s
2023-09-07 10:34:12,737 INFO Running command to label the image: /home/exp1000/bin/armhf/tensorflow/lite/c/image_classifier /home/exp1000/img_msec_1694082823762_2_input.jpeg models/default/model.tflite models/default/labels.txt 224 224 0 255
2023-09-07 10:34:15,004 INFO Inference execution time:
real	0m 2.24s
user	0m 1.91s
sys	0m 0.27s
2023-09-07 10:34:15,007 INFO Model prediction results: {"bad": 0.366123, "earth": 0.589884, "edge": 0.043993}
2023-09-07 10:34:15,009 INFO Insufficient prediction confidence level to label the image (the threshold is currently set to 0.70).
2023-09-07 10:34:15,014 INFO Ditching the image.
2023-09-07 10:34:15,028 INFO Removed file: /home/exp1000/img_msec_1694082823762_2.ims_rgb
2023-09-07 10:34:15,035 INFO Removed file: /home/exp1000/img_msec_1694082823762_2.png
2023-09-07 10:34:15,039 INFO Removed file: /home/exp1000/img_msec_1694082823762_2_input.jpeg
2023-09-07 10:34:15,040 INFO Removed file: /home/exp1000/img_msec_1694082823762_2_thumbnail.jpeg
2023-09-07 10:34:15,930 INFO Running command to acquire an image: ims100_testapp -R 8 -G 8 -B 8 -c /dev/cam_tty -m /dev/cam_sd -v 0 -n 1 -p -e 2 >> /home/exp1000/logs/opssat_smartcam_20230907_102501.log 2>&1

ctrl port                    : /dev/cam_tty
data port                    : /dev/cam_sd
exposure time                : 2
number of images             : 1
milliseconds between images  : 0
bw img sensor                : 0
default conf                 : 1
video duration               : 0
gain (RGB)                   : 8 8 8
-------------------------


BST IMS100 Telemetry:
    version : 
    status  : 00
    temp[°C]: 0

Set config, Starting picture taking 
exit success
2023-09-07 10:34:43,679 INFO Acquired image: /home/exp1000/img_msec_1694082858881_2.png
2023-09-07 10:34:43,681 INFO Running command to create thumbnail: /home/exp1000/bin/armhf/resizer/resize -i /home/exp1000/img_msec_1694082858881_2.png -x 614 -y 583 -c 3 -q 90 -o /home/exp1000/img_msec_1694082858881_2_thumbnail.jpeg
2023-09-07 10:34:45,780 INFO Resized: 2048 x 1944 --> 614 x 583
2023-09-07 10:34:45,782 INFO Resize execution time:
real	0m 2.07s
user	0m 1.89s
sys	0m 0.14s
2023-09-07 10:34:45,787 INFO Labeling the image using the 'default' model.
2023-09-07 10:34:45,789 INFO Running command to create input: /home/exp1000/bin/armhf/resizer/resize -i /home/exp1000/img_msec_1694082858881_2_thumbnail.jpeg -x 224 -y 224 -c 1 -q 90 -o /home/exp1000/img_msec_1694082858881_2_input.jpeg
2023-09-07 10:34:45,904 INFO Resized: 614 x 583 --> 224 x 224
2023-09-07 10:34:45,907 INFO Resize execution time:
real	0m 0.08s
user	0m 0.08s
sys	0m 0.00s
2023-09-07 10:34:45,910 INFO Running command to label the image: /home/exp1000/bin/armhf/tensorflow/lite/c/image_classifier /home/exp1000/img_msec_1694082858881_2_input.jpeg models/default/model.tflite models/default/labels.txt 224 224 0 255
2023-09-07 10:34:48,220 INFO Inference execution time:
real	0m 2.28s
user	0m 1.93s
sys	0m 0.26s
2023-09-07 10:34:48,223 INFO Model prediction results: {"bad": 0.326721, "earth": 0.612288, "edge": 0.060991}
2023-09-07 10:34:48,225 INFO Insufficient prediction confidence level to label the image (the threshold is currently set to 0.70).
2023-09-07 10:34:48,230 INFO Ditching the image.
2023-09-07 10:34:48,244 INFO Removed file: /home/exp1000/img_msec_1694082858881_2.ims_rgb
2023-09-07 10:34:48,251 INFO Removed file: /home/exp1000/img_msec_1694082858881_2.png
2023-09-07 10:34:48,254 INFO Removed file: /home/exp1000/img_msec_1694082858881_2_input.jpeg
2023-09-07 10:34:48,255 INFO Removed file: /home/exp1000/img_msec_1694082858881_2_thumbnail.jpeg
2023-09-07 10:34:49,148 INFO Running command to acquire an image: ims100_testapp -R 8 -G 8 -B 8 -c /dev/cam_tty -m /dev/cam_sd -v 0 -n 1 -p -e 2 >> /home/exp1000/logs/opssat_smartcam_20230907_102501.log 2>&1

ctrl port                    : /dev/cam_tty
data port                    : /dev/cam_sd
exposure time                : 2
number of images             : 1
milliseconds between images  : 0
bw img sensor                : 0
default conf                 : 1
video duration               : 0
gain (RGB)                   : 8 8 8
-------------------------


BST IMS100 Telemetry:
    version : 
    status  : 00
    temp[°C]: 0

Set config, Starting picture taking 
exit success
2023-09-07 10:35:15,409 INFO Acquired image: /home/exp1000/img_msec_1694082892081_2.png
2023-09-07 10:35:15,411 INFO Running command to create thumbnail: /home/exp1000/bin/armhf/resizer/resize -i /home/exp1000/img_msec_1694082892081_2.png -x 614 -y 583 -c 3 -q 90 -o /home/exp1000/img_msec_1694082892081_2_thumbnail.jpeg
2023-09-07 10:35:17,542 INFO Resized: 2048 x 1944 --> 614 x 583
2023-09-07 10:35:17,545 INFO Resize execution time:
real	0m 2.10s
user	0m 1.86s
sys	0m 0.17s
2023-09-07 10:35:17,550 INFO Labeling the image using the 'default' model.
2023-09-07 10:35:17,551 INFO Running command to create input: /home/exp1000/bin/armhf/resizer/resize -i /home/exp1000/img_msec_1694082892081_2_thumbnail.jpeg -x 224 -y 224 -c 1 -q 90 -o /home/exp1000/img_msec_1694082892081_2_input.jpeg
2023-09-07 10:35:17,665 INFO Resized: 614 x 583 --> 224 x 224
2023-09-07 10:35:17,668 INFO Resize execution time:
real	0m 0.08s
user	0m 0.08s
sys	0m 0.00s
2023-09-07 10:35:17,670 INFO Running command to label the image: /home/exp1000/bin/armhf/tensorflow/lite/c/image_classifier /home/exp1000/img_msec_1694082892081_2_input.jpeg models/default/model.tflite models/default/labels.txt 224 224 0 255
2023-09-07 10:35:19,931 INFO Inference execution time:
real	0m 2.23s
user	0m 1.85s
sys	0m 0.32s
2023-09-07 10:35:19,933 INFO Model prediction results: {"bad": 0.908326, "earth": 0.057157, "edge": 0.034517}
2023-09-07 10:35:19,935 INFO Labeling the image as 'bad'.
2023-09-07 10:35:19,941 INFO Ditching the image.
2023-09-07 10:35:19,955 INFO Removed file: /home/exp1000/img_msec_1694082892081_2.ims_rgb
2023-09-07 10:35:19,962 INFO Removed file: /home/exp1000/img_msec_1694082892081_2.png
2023-09-07 10:35:19,965 INFO Removed file: /home/exp1000/img_msec_1694082892081_2_input.jpeg
2023-09-07 10:35:19,966 INFO Removed file: /home/exp1000/img_msec_1694082892081_2_thumbnail.jpeg
2023-09-07 10:35:20,858 INFO Running command to acquire an image: ims100_testapp -R 8 -G 8 -B 8 -c /dev/cam_tty -m /dev/cam_sd -v 0 -n 1 -p -e 2 >> /home/exp1000/logs/opssat_smartcam_20230907_102501.log 2>&1

ctrl port                    : /dev/cam_tty
data port                    : /dev/cam_sd
exposure time                : 2
number of images             : 1
milliseconds between images  : 0
bw img sensor                : 0
default conf                 : 1
video duration               : 0
gain (RGB)                   : 8 8 8
-------------------------


BST IMS100 Telemetry:
    version : 
    status  : 00
    temp[°C]: 0

Set config, Starting picture taking 
exit success
2023-09-07 10:35:54,949 INFO Acquired image: /home/exp1000/img_msec_1694082923759_2.png
2023-09-07 10:35:54,952 INFO Running command to create thumbnail: /home/exp1000/bin/armhf/resizer/resize -i /home/exp1000/img_msec_1694082923759_2.png -x 614 -y 583 -c 3 -q 90 -o /home/exp1000/img_msec_1694082923759_2_thumbnail.jpeg
2023-09-07 10:35:57,210 INFO Resized: 2048 x 1944 --> 614 x 583
2023-09-07 10:35:57,213 INFO Resize execution time:
real	0m 2.23s
user	0m 2.03s
sys	0m 0.14s
2023-09-07 10:35:57,217 INFO Labeling the image using the 'default' model.
2023-09-07 10:35:57,219 INFO Running command to create input: /home/exp1000/bin/armhf/resizer/resize -i /home/exp1000/img_msec_1694082923759_2_thumbnail.jpeg -x 224 -y 224 -c 1 -q 90 -o /home/exp1000/img_msec_1694082923759_2_input.jpeg
2023-09-07 10:35:57,340 INFO Resized: 614 x 583 --> 224 x 224
2023-09-07 10:35:57,342 INFO Resize execution time:
real	0m 0.09s
user	0m 0.09s
sys	0m 0.00s
2023-09-07 10:35:57,348 INFO Running command to label the image: /home/exp1000/bin/armhf/tensorflow/lite/c/image_classifier /home/exp1000/img_msec_1694082923759_2_input.jpeg models/default/model.tflite models/default/labels.txt 224 224 0 255
2023-09-07 10:35:59,637 INFO Inference execution time:
real	0m 2.24s
user	0m 1.96s
sys	0m 0.22s
2023-09-07 10:35:59,639 INFO Model prediction results: {"bad": 0.067093, "earth": 0.911900, "edge": 0.021007}
2023-09-07 10:35:59,641 INFO Labeling the image as 'earth'.
2023-09-07 10:35:59,644 INFO Labeling the image using the 'noiser' model.
2023-09-07 10:35:59,645 INFO Running command for executable binary: /home/exp253/noiser -i /home/exp1000/img_msec_1694082923759_2_thumbnail.jpeg -w 3 -r 224x224 -t 1 -n 50 -q 100
2023-09-07 10:35:59,957 INFO Binary execution time:
real	0m 0.28s
user	0m 0.27s
sys	0m 0.00s
2023-09-07 10:35:59,959 INFO Classification results: {"noised": 10000, "_noise_factor": 50, "_noise_type": 1}
2023-09-07 10:35:59,960 INFO Labeling the image as 'noised'.
2023-09-07 10:35:59,963 INFO Labeling the image using the 'default2' model.
2023-09-07 10:35:59,965 INFO Running command to create input: /home/exp1000/bin/armhf/resizer/resize -i /home/exp1000/img_msec_1694082923759_2_thumbnail.jpeg -x 224 -y 224 -c 1 -q 90 -o /home/exp1000/img_msec_1694082923759_2_input.jpeg
2023-09-07 10:36:00,040 INFO Resized: 224 x 224 --> 224 x 224
2023-09-07 10:36:00,042 INFO Resize execution time:
real	0m 0.04s
user	0m 0.04s
sys	0m 0.00s
2023-09-07 10:36:00,044 INFO Running command to label the image: /home/exp1000/bin/armhf/tensorflow/lite/c/image_classifier /home/exp1000/img_msec_1694082923759_2_input.jpeg models/default/model.tflite models/default/labels.txt 224 224 0 255
2023-09-07 10:36:02,335 INFO Inference execution time:
real	0m 2.26s
user	0m 1.96s
sys	0m 0.22s
2023-09-07 10:36:02,338 INFO Model prediction results: {"bad": 0.835417, "earth": 0.123542, "edge": 0.041041}
2023-09-07 10:36:02,339 INFO Labeling the image as 'bad'.
2023-09-07 10:36:02,342 INFO Labeling the image using the 'denoiser' model.
2023-09-07 10:36:02,343 INFO Running command for executable binary: /home/exp253/denoiser -i /home/exp1000/img_msec_1694082923759_2_thumbnail.jpeg -w 3 -q 100 -m /home/exp253/models/denoiser_ae_fnp50.tflite
2023-09-07 10:36:33,511 INFO Binary execution time:
real	0m 31.12s
user	0m 29.58s
sys	0m 0.75s
2023-09-07 10:36:33,513 INFO Classification results: {"denoised": 1}
2023-09-07 10:36:33,515 INFO Labeling the image as 'denoised'.
2023-09-07 10:36:33,519 INFO Labeling the image using the 'default3' model.
2023-09-07 10:36:33,520 INFO Running command to create input: /home/exp1000/bin/armhf/resizer/resize -i /home/exp1000/img_msec_1694082923759_2_thumbnail.jpeg -x 224 -y 224 -c 1 -q 90 -o /home/exp1000/img_msec_1694082923759_2_input.jpeg
2023-09-07 10:36:33,582 INFO Resized: 224 x 224 --> 224 x 224
2023-09-07 10:36:33,584 INFO Resize execution time:
real	0m 0.03s
user	0m 0.02s
sys	0m 0.01s
2023-09-07 10:36:33,588 INFO Running command to label the image: /home/exp1000/bin/armhf/tensorflow/lite/c/image_classifier /home/exp1000/img_msec_1694082923759_2_input.jpeg models/default/model.tflite models/default/labels.txt 224 224 0 255
2023-09-07 10:36:35,861 INFO Inference execution time:
real	0m 2.24s
user	0m 1.84s
sys	0m 0.34s
2023-09-07 10:36:35,863 INFO Model prediction results: {"bad": 0.107317, "earth": 0.861766, "edge": 0.030917}
2023-09-07 10:36:35,864 INFO Labeling the image as 'earth'.
2023-09-07 10:36:35,870 INFO Keeping the image.
2023-09-07 10:36:36,367 INFO Running command to acquire an image: ims100_testapp -R 8 -G 8 -B 8 -c /dev/cam_tty -m /dev/cam_sd -v 0 -n 1 -p -e 2 >> /home/exp1000/logs/opssat_smartcam_20230907_102501.log 2>&1

ctrl port                    : /dev/cam_tty
data port                    : /dev/cam_sd
exposure time                : 2
number of images             : 1
milliseconds between images  : 0
bw img sensor                : 0
default conf                 : 1
video duration               : 0
gain (RGB)                   : 8 8 8
-------------------------


BST IMS100 Telemetry:
    version : 
    status  : 00
    temp[°C]: 0

Set config, Starting picture taking 
exit success
2023-09-07 10:37:07,729 INFO Acquired image: /home/exp1000/img_msec_1694082999279_2.png
2023-09-07 10:37:07,731 INFO Running command to create thumbnail: /home/exp1000/bin/armhf/resizer/resize -i /home/exp1000/img_msec_1694082999279_2.png -x 614 -y 583 -c 3 -q 90 -o /home/exp1000/img_msec_1694082999279_2_thumbnail.jpeg
2023-09-07 10:37:09,948 INFO Resized: 2048 x 1944 --> 614 x 583
2023-09-07 10:37:09,951 INFO Resize execution time:
real	0m 2.18s
user	0m 1.95s
sys	0m 0.18s
2023-09-07 10:37:09,955 INFO Labeling the image using the 'default' model.
2023-09-07 10:37:09,957 INFO Running command to create input: /home/exp1000/bin/armhf/resizer/resize -i /home/exp1000/img_msec_1694082999279_2_thumbnail.jpeg -x 224 -y 224 -c 1 -q 90 -o /home/exp1000/img_msec_1694082999279_2_input.jpeg
2023-09-07 10:37:10,078 INFO Resized: 614 x 583 --> 224 x 224
2023-09-07 10:37:10,080 INFO Resize execution time:
real	0m 0.09s
user	0m 0.08s
sys	0m 0.00s
2023-09-07 10:37:10,083 INFO Running command to label the image: /home/exp1000/bin/armhf/tensorflow/lite/c/image_classifier /home/exp1000/img_msec_1694082999279_2_input.jpeg models/default/model.tflite models/default/labels.txt 224 224 0 255
2023-09-07 10:37:12,438 INFO Inference execution time:
real	0m 2.32s
user	0m 2.03s
sys	0m 0.17s
2023-09-07 10:37:12,440 INFO Model prediction results: {"bad": 0.136205, "earth": 0.833098, "edge": 0.030697}
2023-09-07 10:37:12,442 INFO Labeling the image as 'earth'.
2023-09-07 10:37:12,444 INFO Labeling the image using the 'noiser' model.
2023-09-07 10:37:12,446 INFO Running command for executable binary: /home/exp253/noiser -i /home/exp1000/img_msec_1694082999279_2_thumbnail.jpeg -w 3 -r 224x224 -t 1 -n 50 -q 100
2023-09-07 10:37:12,758 INFO Binary execution time:
real	0m 0.28s
user	0m 0.26s
sys	0m 0.01s
2023-09-07 10:37:12,760 INFO Classification results: {"noised": 10000, "_noise_factor": 50, "_noise_type": 1}
2023-09-07 10:37:12,762 INFO Labeling the image as 'noised'.
2023-09-07 10:37:12,765 INFO Labeling the image using the 'default2' model.
2023-09-07 10:37:12,767 INFO Running command to create input: /home/exp1000/bin/armhf/resizer/resize -i /home/exp1000/img_msec_1694082999279_2_thumbnail.jpeg -x 224 -y 224 -c 1 -q 90 -o /home/exp1000/img_msec_1694082999279_2_input.jpeg
2023-09-07 10:37:12,842 INFO Resized: 224 x 224 --> 224 x 224
2023-09-07 10:37:12,844 INFO Resize execution time:
real	0m 0.04s
user	0m 0.03s
sys	0m 0.01s
2023-09-07 10:37:12,847 INFO Running command to label the image: /home/exp1000/bin/armhf/tensorflow/lite/c/image_classifier /home/exp1000/img_msec_1694082999279_2_input.jpeg models/default/model.tflite models/default/labels.txt 224 224 0 255
2023-09-07 10:37:15,135 INFO Inference execution time:
real	0m 2.26s
user	0m 1.89s
sys	0m 0.29s
2023-09-07 10:37:15,138 INFO Model prediction results: {"bad": 0.933886, "earth": 0.040204, "edge": 0.025910}
2023-09-07 10:37:15,140 INFO Labeling the image as 'bad'.
2023-09-07 10:37:15,143 INFO Labeling the image using the 'denoiser' model.
2023-09-07 10:37:15,144 INFO Running command for executable binary: /home/exp253/denoiser -i /home/exp1000/img_msec_1694082999279_2_thumbnail.jpeg -w 3 -q 100 -m /home/exp253/models/denoiser_ae_fnp50.tflite
2023-09-07 10:37:45,861 INFO Binary execution time:
real	0m 30.69s
user	0m 29.16s
sys	0m 0.64s
2023-09-07 10:37:45,863 INFO Classification results: {"denoised": 1}
2023-09-07 10:37:45,865 INFO Labeling the image as 'denoised'.
2023-09-07 10:37:45,868 INFO Labeling the image using the 'default3' model.
2023-09-07 10:37:45,870 INFO Running command to create input: /home/exp1000/bin/armhf/resizer/resize -i /home/exp1000/img_msec_1694082999279_2_thumbnail.jpeg -x 224 -y 224 -c 1 -q 90 -o /home/exp1000/img_msec_1694082999279_2_input.jpeg
2023-09-07 10:37:45,931 INFO Resized: 224 x 224 --> 224 x 224
2023-09-07 10:37:45,933 INFO Resize execution time:
real	0m 0.03s
user	0m 0.02s
sys	0m 0.01s
2023-09-07 10:37:45,935 INFO Running command to label the image: /home/exp1000/bin/armhf/tensorflow/lite/c/image_classifier /home/exp1000/img_msec_1694082999279_2_input.jpeg models/default/model.tflite models/default/labels.txt 224 224 0 255
2023-09-07 10:37:48,205 INFO Inference execution time:
real	0m 2.24s
user	0m 1.90s
sys	0m 0.24s
2023-09-07 10:37:48,208 INFO Model prediction results: {"bad": 0.436588, "earth": 0.522569, "edge": 0.040843}
2023-09-07 10:37:48,210 INFO Labeling the image as 'earth'.
2023-09-07 10:37:48,215 INFO Keeping the image.
2023-09-07 10:37:48,708 INFO Running command to acquire an image: ims100_testapp -R 8 -G 8 -B 8 -c /dev/cam_tty -m /dev/cam_sd -v 0 -n 1 -p -e 2 >> /home/exp1000/logs/opssat_smartcam_20230907_102501.log 2>&1

ctrl port                    : /dev/cam_tty
data port                    : /dev/cam_sd
exposure time                : 2
number of images             : 1
milliseconds between images  : 0
bw img sensor                : 0
default conf                 : 1
video duration               : 0
gain (RGB)                   : 8 8 8
-------------------------


BST IMS100 Telemetry:
    version : 
    status  : 00
    temp[°C]: 0

Set config, Starting picture taking 
exit success
2023-09-07 10:37:57,772 INFO Acquired image: /home/exp1000/img_msec_1694083071600_2.png
2023-09-07 10:37:57,775 INFO Running command to create thumbnail: /home/exp1000/bin/armhf/resizer/resize -i /home/exp1000/img_msec_1694083071600_2.png -x 614 -y 583 -c 3 -q 90 -o /home/exp1000/img_msec_1694083071600_2_thumbnail.jpeg
2023-09-07 10:37:59,590 INFO Resized: 2048 x 1944 --> 614 x 583
2023-09-07 10:37:59,592 INFO Resize execution time:
real	0m 1.78s
user	0m 1.62s
sys	0m 0.13s
2023-09-07 10:37:59,597 INFO Labeling the image using the 'default' model.
2023-09-07 10:37:59,599 INFO Running command to create input: /home/exp1000/bin/armhf/resizer/resize -i /home/exp1000/img_msec_1694083071600_2_thumbnail.jpeg -x 224 -y 224 -c 1 -q 90 -o /home/exp1000/img_msec_1694083071600_2_input.jpeg
2023-09-07 10:37:59,712 INFO Resized: 614 x 583 --> 224 x 224
2023-09-07 10:37:59,714 INFO Resize execution time:
real	0m 0.08s
user	0m 0.08s
sys	0m 0.00s
2023-09-07 10:37:59,717 INFO Running command to label the image: /home/exp1000/bin/armhf/tensorflow/lite/c/image_classifier /home/exp1000/img_msec_1694083071600_2_input.jpeg models/default/model.tflite models/default/labels.txt 224 224 0 255
2023-09-07 10:38:01,990 INFO Inference execution time:
real	0m 2.24s
user	0m 1.90s
sys	0m 0.28s
2023-09-07 10:38:01,992 INFO Model prediction results: {"bad": 0.849718, "earth": 0.065466, "edge": 0.084815}
2023-09-07 10:38:01,994 INFO Labeling the image as 'bad'.
2023-09-07 10:38:01,999 INFO Ditching the image.
2023-09-07 10:38:02,014 INFO Removed file: /home/exp1000/img_msec_1694083071600_2.ims_rgb
2023-09-07 10:38:02,018 INFO Removed file: /home/exp1000/img_msec_1694083071600_2.png
2023-09-07 10:38:02,021 INFO Removed file: /home/exp1000/img_msec_1694083071600_2_input.jpeg
2023-09-07 10:38:02,022 INFO Removed file: /home/exp1000/img_msec_1694083071600_2_thumbnail.jpeg
2023-09-07 10:38:02,911 INFO Running command to acquire an image: ims100_testapp -R 8 -G 8 -B 8 -c /dev/cam_tty -m /dev/cam_sd -v 0 -n 1 -p -e 2 >> /home/exp1000/logs/opssat_smartcam_20230907_102501.log 2>&1

ctrl port                    : /dev/cam_tty
data port                    : /dev/cam_sd
exposure time                : 2
number of images             : 1
milliseconds between images  : 0
bw img sensor                : 0
default conf                 : 1
video duration               : 0
gain (RGB)                   : 8 8 8
-------------------------


BST IMS100 Telemetry:
    version : 
    status  : 00
    temp[°C]: 0

Set config, Starting picture taking 
exit success
2023-09-07 10:38:11,856 INFO Acquired image: /home/exp1000/img_msec_1694083085840_2.png
2023-09-07 10:38:11,859 INFO Running command to create thumbnail: /home/exp1000/bin/armhf/resizer/resize -i /home/exp1000/img_msec_1694083085840_2.png -x 614 -y 583 -c 3 -q 90 -o /home/exp1000/img_msec_1694083085840_2_thumbnail.jpeg
2023-09-07 10:38:13,721 INFO Resized: 2048 x 1944 --> 614 x 583
2023-09-07 10:38:13,723 INFO Resize execution time:
real	0m 1.83s
user	0m 1.62s
sys	0m 0.14s
2023-09-07 10:38:13,728 INFO Labeling the image using the 'default' model.
2023-09-07 10:38:13,729 INFO Running command to create input: /home/exp1000/bin/armhf/resizer/resize -i /home/exp1000/img_msec_1694083085840_2_thumbnail.jpeg -x 224 -y 224 -c 1 -q 90 -o /home/exp1000/img_msec_1694083085840_2_input.jpeg
2023-09-07 10:38:13,842 INFO Resized: 614 x 583 --> 224 x 224
2023-09-07 10:38:13,844 INFO Resize execution time:
real	0m 0.08s
user	0m 0.08s
sys	0m 0.00s
2023-09-07 10:38:13,848 INFO Running command to label the image: /home/exp1000/bin/armhf/tensorflow/lite/c/image_classifier /home/exp1000/img_msec_1694083085840_2_input.jpeg models/default/model.tflite models/default/labels.txt 224 224 0 255
2023-09-07 10:38:16,106 INFO Inference execution time:
real	0m 2.23s
user	0m 1.86s
sys	0m 0.31s
2023-09-07 10:38:16,108 INFO Model prediction results: {"bad": 0.849718, "earth": 0.065466, "edge": 0.084815}
2023-09-07 10:38:16,110 INFO Labeling the image as 'bad'.
2023-09-07 10:38:16,117 INFO Ditching the image.
2023-09-07 10:38:16,131 INFO Removed file: /home/exp1000/img_msec_1694083085840_2.ims_rgb
2023-09-07 10:38:16,135 INFO Removed file: /home/exp1000/img_msec_1694083085840_2.png
2023-09-07 10:38:16,138 INFO Removed file: /home/exp1000/img_msec_1694083085840_2_input.jpeg
2023-09-07 10:38:16,140 INFO Removed file: /home/exp1000/img_msec_1694083085840_2_thumbnail.jpeg
2023-09-07 10:38:17,029 INFO Running command to acquire an image: ims100_testapp -R 8 -G 8 -B 8 -c /dev/cam_tty -m /dev/cam_sd -v 0 -n 1 -p -e 2 >> /home/exp1000/logs/opssat_smartcam_20230907_102501.log 2>&1

ctrl port                    : /dev/cam_tty
data port                    : /dev/cam_sd
exposure time                : 2
number of images             : 1
milliseconds between images  : 0
bw img sensor                : 0
default conf                 : 1
video duration               : 0
gain (RGB)                   : 8 8 8
-------------------------


BST IMS100 Telemetry:
    version : 
    status  : 00
    temp[°C]: 0

Set config, Starting picture taking 
exit success
2023-09-07 10:38:25,950 INFO Acquired image: /home/exp1000/img_msec_1694083099921_2.png
2023-09-07 10:38:25,952 INFO Running command to create thumbnail: /home/exp1000/bin/armhf/resizer/resize -i /home/exp1000/img_msec_1694083099921_2.png -x 614 -y 583 -c 3 -q 90 -o /home/exp1000/img_msec_1694083099921_2_thumbnail.jpeg
2023-09-07 10:38:27,804 INFO Resized: 2048 x 1944 --> 614 x 583
2023-09-07 10:38:27,807 INFO Resize execution time:
real	0m 1.82s
user	0m 1.61s
sys	0m 0.15s
2023-09-07 10:38:27,812 INFO Labeling the image using the 'default' model.
2023-09-07 10:38:27,813 INFO Running command to create input: /home/exp1000/bin/armhf/resizer/resize -i /home/exp1000/img_msec_1694083099921_2_thumbnail.jpeg -x 224 -y 224 -c 1 -q 90 -o /home/exp1000/img_msec_1694083099921_2_input.jpeg
2023-09-07 10:38:27,927 INFO Resized: 614 x 583 --> 224 x 224
2023-09-07 10:38:27,929 INFO Resize execution time:
real	0m 0.08s
user	0m 0.08s
sys	0m 0.00s
2023-09-07 10:38:27,931 INFO Running command to label the image: /home/exp1000/bin/armhf/tensorflow/lite/c/image_classifier /home/exp1000/img_msec_1694083099921_2_input.jpeg models/default/model.tflite models/default/labels.txt 224 224 0 255
2023-09-07 10:38:30,225 INFO Inference execution time:
real	0m 2.26s
user	0m 1.93s
sys	0m 0.27s
2023-09-07 10:38:30,228 INFO Model prediction results: {"bad": 0.849718, "earth": 0.065466, "edge": 0.084815}
2023-09-07 10:38:30,229 INFO Labeling the image as 'bad'.
2023-09-07 10:38:30,234 INFO Ditching the image.
2023-09-07 10:38:30,248 INFO Removed file: /home/exp1000/img_msec_1694083099921_2.ims_rgb
2023-09-07 10:38:30,252 INFO Removed file: /home/exp1000/img_msec_1694083099921_2.png
2023-09-07 10:38:30,254 INFO Removed file: /home/exp1000/img_msec_1694083099921_2_input.jpeg
2023-09-07 10:38:30,256 INFO Removed file: /home/exp1000/img_msec_1694083099921_2_thumbnail.jpeg
2023-09-07 10:38:31,146 INFO Running command to acquire an image: ims100_testapp -R 8 -G 8 -B 8 -c /dev/cam_tty -m /dev/cam_sd -v 0 -n 1 -p -e 2 >> /home/exp1000/logs/opssat_smartcam_20230907_102501.log 2>&1

ctrl port                    : /dev/cam_tty
data port                    : /dev/cam_sd
exposure time                : 2
number of images             : 1
milliseconds between images  : 0
bw img sensor                : 0
default conf                 : 1
video duration               : 0
gain (RGB)                   : 8 8 8
-------------------------


BST IMS100 Telemetry:
    version : 
    status  : 00
    temp[°C]: 0

Set config, Starting picture taking 
exit success
2023-09-07 10:38:49,648 INFO Acquired image: /home/exp1000/img_msec_1694083114082_2.png
2023-09-07 10:38:49,650 INFO Running command to create thumbnail: /home/exp1000/bin/armhf/resizer/resize -i /home/exp1000/img_msec_1694083114082_2.png -x 614 -y 583 -c 3 -q 90 -o /home/exp1000/img_msec_1694083114082_2_thumbnail.jpeg
2023-09-07 10:38:51,648 INFO Resized: 2048 x 1944 --> 614 x 583
2023-09-07 10:38:51,650 INFO Resize execution time:
real	0m 1.97s
user	0m 1.74s
sys	0m 0.19s
2023-09-07 10:38:51,654 INFO Labeling the image using the 'default' model.
2023-09-07 10:38:51,656 INFO Running command to create input: /home/exp1000/bin/armhf/resizer/resize -i /home/exp1000/img_msec_1694083114082_2_thumbnail.jpeg -x 224 -y 224 -c 1 -q 90 -o /home/exp1000/img_msec_1694083114082_2_input.jpeg
2023-09-07 10:38:51,770 INFO Resized: 614 x 583 --> 224 x 224
2023-09-07 10:38:51,773 INFO Resize execution time:
real	0m 0.08s
user	0m 0.07s
sys	0m 0.01s
2023-09-07 10:38:51,775 INFO Running command to label the image: /home/exp1000/bin/armhf/tensorflow/lite/c/image_classifier /home/exp1000/img_msec_1694083114082_2_input.jpeg models/default/model.tflite models/default/labels.txt 224 224 0 255
2023-09-07 10:38:54,091 INFO Inference execution time:
real	0m 2.28s
user	0m 1.91s
sys	0m 0.28s
2023-09-07 10:38:54,093 INFO Model prediction results: {"bad": 0.895755, "earth": 0.048375, "edge": 0.055870}
2023-09-07 10:38:54,095 INFO Labeling the image as 'bad'.
2023-09-07 10:38:54,101 INFO Ditching the image.
2023-09-07 10:38:54,115 INFO Removed file: /home/exp1000/img_msec_1694083114082_2.ims_rgb
2023-09-07 10:38:54,121 INFO Removed file: /home/exp1000/img_msec_1694083114082_2.png
2023-09-07 10:38:54,124 INFO Removed file: /home/exp1000/img_msec_1694083114082_2_input.jpeg
2023-09-07 10:38:54,125 INFO Removed file: /home/exp1000/img_msec_1694083114082_2_thumbnail.jpeg
2023-09-07 10:38:55,025 INFO Running command to acquire an image: ims100_testapp -R 8 -G 8 -B 8 -c /dev/cam_tty -m /dev/cam_sd -v 0 -n 1 -p -e 2 >> /home/exp1000/logs/opssat_smartcam_20230907_102501.log 2>&1

ctrl port                    : /dev/cam_tty
data port                    : /dev/cam_sd
exposure time                : 2
number of images             : 1
milliseconds between images  : 0
bw img sensor                : 0
default conf                 : 1
video duration               : 0
gain (RGB)                   : 8 8 8
-------------------------


BST IMS100 Telemetry:
    version : 
    status  : 00
    temp[°C]: 0

Set config, Starting picture taking 
exit success
2023-09-07 10:39:26,340 INFO Acquired image: /home/exp1000/img_msec_1694083137921_2.png
2023-09-07 10:39:26,343 INFO Running command to create thumbnail: /home/exp1000/bin/armhf/resizer/resize -i /home/exp1000/img_msec_1694083137921_2.png -x 614 -y 583 -c 3 -q 90 -o /home/exp1000/img_msec_1694083137921_2_thumbnail.jpeg
2023-09-07 10:39:28,662 INFO Resized: 2048 x 1944 --> 614 x 583
2023-09-07 10:39:28,664 INFO Resize execution time:
real	0m 2.29s
user	0m 2.06s
sys	0m 0.15s
2023-09-07 10:39:28,669 INFO Labeling the image using the 'default' model.
2023-09-07 10:39:28,670 INFO Running command to create input: /home/exp1000/bin/armhf/resizer/resize -i /home/exp1000/img_msec_1694083137921_2_thumbnail.jpeg -x 224 -y 224 -c 1 -q 90 -o /home/exp1000/img_msec_1694083137921_2_input.jpeg
2023-09-07 10:39:28,791 INFO Resized: 614 x 583 --> 224 x 224
2023-09-07 10:39:28,793 INFO Resize execution time:
real	0m 0.09s
user	0m 0.08s
sys	0m 0.00s
2023-09-07 10:39:28,795 INFO Running command to label the image: /home/exp1000/bin/armhf/tensorflow/lite/c/image_classifier /home/exp1000/img_msec_1694083137921_2_input.jpeg models/default/model.tflite models/default/labels.txt 224 224 0 255
2023-09-07 10:39:31,060 INFO Inference execution time:
real	0m 2.23s
user	0m 1.98s
sys	0m 0.20s
2023-09-07 10:39:31,062 INFO Model prediction results: {"bad": 0.281657, "earth": 0.680420, "edge": 0.037923}
2023-09-07 10:39:31,064 INFO Insufficient prediction confidence level to label the image (the threshold is currently set to 0.70).
2023-09-07 10:39:31,069 INFO Ditching the image.
2023-09-07 10:39:31,083 INFO Removed file: /home/exp1000/img_msec_1694083137921_2.ims_rgb
2023-09-07 10:39:31,091 INFO Removed file: /home/exp1000/img_msec_1694083137921_2.png
2023-09-07 10:39:31,095 INFO Removed file: /home/exp1000/img_msec_1694083137921_2_input.jpeg
2023-09-07 10:39:31,097 INFO Removed file: /home/exp1000/img_msec_1694083137921_2_thumbnail.jpeg
2023-09-07 10:39:31,996 INFO Running command to acquire an image: ims100_testapp -R 8 -G 8 -B 8 -c /dev/cam_tty -m /dev/cam_sd -v 0 -n 1 -p -e 2 >> /home/exp1000/logs/opssat_smartcam_20230907_102501.log 2>&1

ctrl port                    : /dev/cam_tty
data port                    : /dev/cam_sd
exposure time                : 2
number of images             : 1
milliseconds between images  : 0
bw img sensor                : 0
default conf                 : 1
video duration               : 0
gain (RGB)                   : 8 8 8
-------------------------


BST IMS100 Telemetry:
    version : 
    status  : 00
    temp[°C]: 0

Set config, Starting picture taking 
exit success
2023-09-07 10:40:02,262 INFO Acquired image: /home/exp1000/img_msec_1694083174961_2.png
2023-09-07 10:40:02,264 INFO Running command to create thumbnail: /home/exp1000/bin/armhf/resizer/resize -i /home/exp1000/img_msec_1694083174961_2.png -x 614 -y 583 -c 3 -q 90 -o /home/exp1000/img_msec_1694083174961_2_thumbnail.jpeg
2023-09-07 10:40:04,492 INFO Resized: 2048 x 1944 --> 614 x 583
2023-09-07 10:40:04,494 INFO Resize execution time:
real	0m 2.19s
user	0m 2.02s
sys	0m 0.12s
2023-09-07 10:40:04,499 INFO Labeling the image using the 'default' model.
2023-09-07 10:40:04,500 INFO Running command to create input: /home/exp1000/bin/armhf/resizer/resize -i /home/exp1000/img_msec_1694083174961_2_thumbnail.jpeg -x 224 -y 224 -c 1 -q 90 -o /home/exp1000/img_msec_1694083174961_2_input.jpeg
2023-09-07 10:40:04,621 INFO Resized: 614 x 583 --> 224 x 224
2023-09-07 10:40:04,623 INFO Resize execution time:
real	0m 0.09s
user	0m 0.08s
sys	0m 0.00s
2023-09-07 10:40:04,626 INFO Running command to label the image: /home/exp1000/bin/armhf/tensorflow/lite/c/image_classifier /home/exp1000/img_msec_1694083174961_2_input.jpeg models/default/model.tflite models/default/labels.txt 224 224 0 255
2023-09-07 10:40:06,946 INFO Inference execution time:
real	0m 2.29s
user	0m 1.87s
sys	0m 0.32s
2023-09-07 10:40:06,949 INFO Model prediction results: {"bad": 0.616195, "earth": 0.284767, "edge": 0.099038}
2023-09-07 10:40:06,951 INFO Insufficient prediction confidence level to label the image (the threshold is currently set to 0.70).
2023-09-07 10:40:06,956 INFO Ditching the image.
2023-09-07 10:40:06,970 INFO Removed file: /home/exp1000/img_msec_1694083174961_2.ims_rgb
2023-09-07 10:40:06,978 INFO Removed file: /home/exp1000/img_msec_1694083174961_2.png
2023-09-07 10:40:06,981 INFO Removed file: /home/exp1000/img_msec_1694083174961_2_input.jpeg
2023-09-07 10:40:06,983 INFO Removed file: /home/exp1000/img_msec_1694083174961_2_thumbnail.jpeg
2023-09-07 10:41:34,612 INFO Running command to acquire an image: ims100_testapp -R 8 -G 8 -B 8 -c /dev/cam_tty -m /dev/cam_sd -v 0 -n 1 -p -e 2 >> /home/exp1000/logs/opssat_smartcam_20230907_102501.log 2>&1

ctrl port                    : /dev/cam_tty
data port                    : /dev/cam_sd
exposure time                : 2
number of images             : 1
milliseconds between images  : 0
bw img sensor                : 0
default conf                 : 1
video duration               : 0
gain (RGB)                   : 8 8 8
-------------------------


BST IMS100 Telemetry:
    version : 
    status  : 00
    temp[°C]: 0

Set config, Starting picture taking 
exit success
2023-09-07 10:42:00,232 INFO Acquired image: /home/exp1000/img_msec_1694083297523_2.png
2023-09-07 10:42:00,234 INFO Running command to create thumbnail: /home/exp1000/bin/armhf/resizer/resize -i /home/exp1000/img_msec_1694083297523_2.png -x 614 -y 583 -c 3 -q 90 -o /home/exp1000/img_msec_1694083297523_2_thumbnail.jpeg
2023-09-07 10:42:02,373 INFO Resized: 2048 x 1944 --> 614 x 583
2023-09-07 10:42:02,375 INFO Resize execution time:
real	0m 2.11s
user	0m 1.86s
sys	0m 0.18s
2023-09-07 10:42:02,380 INFO Labeling the image using the 'default' model.
2023-09-07 10:42:02,382 INFO Running command to create input: /home/exp1000/bin/armhf/resizer/resize -i /home/exp1000/img_msec_1694083297523_2_thumbnail.jpeg -x 224 -y 224 -c 1 -q 90 -o /home/exp1000/img_msec_1694083297523_2_input.jpeg
2023-09-07 10:42:02,499 INFO Resized: 614 x 583 --> 224 x 224
2023-09-07 10:42:02,501 INFO Resize execution time:
real	0m 0.08s
user	0m 0.08s
sys	0m 0.00s
2023-09-07 10:42:02,503 INFO Running command to label the image: /home/exp1000/bin/armhf/tensorflow/lite/c/image_classifier /home/exp1000/img_msec_1694083297523_2_input.jpeg models/default/model.tflite models/default/labels.txt 224 224 0 255
2023-09-07 10:42:04,761 INFO Inference execution time:
real	0m 2.23s
user	0m 1.86s
sys	0m 0.31s
2023-09-07 10:42:04,763 INFO Model prediction results: {"bad": 0.807233, "earth": 0.136850, "edge": 0.055917}
2023-09-07 10:42:04,765 INFO Labeling the image as 'bad'.
2023-09-07 10:42:04,771 INFO Ditching the image.
2023-09-07 10:42:04,785 INFO Removed file: /home/exp1000/img_msec_1694083297523_2.ims_rgb
2023-09-07 10:42:04,793 INFO Removed file: /home/exp1000/img_msec_1694083297523_2.png
2023-09-07 10:42:04,797 INFO Removed file: /home/exp1000/img_msec_1694083297523_2_input.jpeg
2023-09-07 10:42:04,798 INFO Removed file: /home/exp1000/img_msec_1694083297523_2_thumbnail.jpeg
2023-09-07 10:47:22,644 INFO Running command to acquire an image: ims100_testapp -R 8 -G 8 -B 8 -c /dev/cam_tty -m /dev/cam_sd -v 0 -n 1 -p -e 2 >> /home/exp1000/logs/opssat_smartcam_20230907_102501.log 2>&1

ctrl port                    : /dev/cam_tty
data port                    : /dev/cam_sd
exposure time                : 2
number of images             : 1
milliseconds between images  : 0
bw img sensor                : 0
default conf                 : 1
video duration               : 0
gain (RGB)                   : 8 8 8
-------------------------


BST IMS100 Telemetry:
    version : 
    status  : 00
    temp[°C]: 0

Set config, Starting picture taking 
exit success
2023-09-07 10:47:49,097 INFO Acquired image: /home/exp1000/img_msec_1694083645602_2.png
2023-09-07 10:47:49,099 INFO Running command to create thumbnail: /home/exp1000/bin/armhf/resizer/resize -i /home/exp1000/img_msec_1694083645602_2.png -x 614 -y 583 -c 3 -q 90 -o /home/exp1000/img_msec_1694083645602_2_thumbnail.jpeg
2023-09-07 10:47:51,200 INFO Resized: 2048 x 1944 --> 614 x 583
2023-09-07 10:47:51,203 INFO Resize execution time:
real	0m 2.07s
user	0m 1.87s
sys	0m 0.16s
2023-09-07 10:47:51,208 INFO Labeling the image using the 'default' model.
2023-09-07 10:47:51,209 INFO Running command to create input: /home/exp1000/bin/armhf/resizer/resize -i /home/exp1000/img_msec_1694083645602_2_thumbnail.jpeg -x 224 -y 224 -c 1 -q 90 -o /home/exp1000/img_msec_1694083645602_2_input.jpeg
2023-09-07 10:47:51,325 INFO Resized: 614 x 583 --> 224 x 224
2023-09-07 10:47:51,328 INFO Resize execution time:
real	0m 0.09s
user	0m 0.08s
sys	0m 0.00s
2023-09-07 10:47:51,330 INFO Running command to label the image: /home/exp1000/bin/armhf/tensorflow/lite/c/image_classifier /home/exp1000/img_msec_1694083645602_2_input.jpeg models/default/model.tflite models/default/labels.txt 224 224 0 255
2023-09-07 10:47:53,645 INFO Inference execution time:
real	0m 2.28s
user	0m 1.97s
sys	0m 0.22s
2023-09-07 10:47:53,648 INFO Model prediction results: {"bad": 0.878262, "earth": 0.075788, "edge": 0.045950}
2023-09-07 10:47:53,649 INFO Labeling the image as 'bad'.
2023-09-07 10:47:53,654 INFO Ditching the image.
2023-09-07 10:47:53,669 INFO Removed file: /home/exp1000/img_msec_1694083645602_2.ims_rgb
2023-09-07 10:47:53,677 INFO Removed file: /home/exp1000/img_msec_1694083645602_2.png
2023-09-07 10:47:53,680 INFO Removed file: /home/exp1000/img_msec_1694083645602_2_input.jpeg
2023-09-07 10:47:53,681 INFO Removed file: /home/exp1000/img_msec_1694083645602_2_thumbnail.jpeg
2023-09-07 10:47:54,457 INFO Running command to acquire an image: ims100_testapp -R 8 -G 8 -B 8 -c /dev/cam_tty -m /dev/cam_sd -v 0 -n 1 -p -e 2 >> /home/exp1000/logs/opssat_smartcam_20230907_102501.log 2>&1

ctrl port                    : /dev/cam_tty
data port                    : /dev/cam_sd
exposure time                : 2
number of images             : 1
milliseconds between images  : 0
bw img sensor                : 0
default conf                 : 1
video duration               : 0
gain (RGB)                   : 8 8 8
-------------------------


BST IMS100 Telemetry:
    version : 
    status  : 00
    temp[°C]: 0

Set config, Starting picture taking 
exit success
2023-09-07 10:48:24,988 INFO Acquired image: /home/exp1000/img_msec_1694083677360_2.png
2023-09-07 10:48:24,991 INFO Running command to create thumbnail: /home/exp1000/bin/armhf/resizer/resize -i /home/exp1000/img_msec_1694083677360_2.png -x 614 -y 583 -c 3 -q 90 -o /home/exp1000/img_msec_1694083677360_2_thumbnail.jpeg
2023-09-07 10:48:27,247 INFO Resized: 2048 x 1944 --> 614 x 583
2023-09-07 10:48:27,249 INFO Resize execution time:
real	0m 2.23s
user	0m 1.98s
sys	0m 0.19s
2023-09-07 10:48:27,254 INFO Labeling the image using the 'default' model.
2023-09-07 10:48:27,256 INFO Running command to create input: /home/exp1000/bin/armhf/resizer/resize -i /home/exp1000/img_msec_1694083677360_2_thumbnail.jpeg -x 224 -y 224 -c 1 -q 90 -o /home/exp1000/img_msec_1694083677360_2_input.jpeg
2023-09-07 10:48:27,391 INFO Resized: 614 x 583 --> 224 x 224
2023-09-07 10:48:27,393 INFO Resize execution time:
real	0m 0.10s
user	0m 0.08s
sys	0m 0.01s
2023-09-07 10:48:27,395 INFO Running command to label the image: /home/exp1000/bin/armhf/tensorflow/lite/c/image_classifier /home/exp1000/img_msec_1694083677360_2_input.jpeg models/default/model.tflite models/default/labels.txt 224 224 0 255
2023-09-07 10:48:29,664 INFO Inference execution time:
real	0m 2.24s
user	0m 1.98s
sys	0m 0.20s
2023-09-07 10:48:29,666 INFO Model prediction results: {"bad": 0.086774, "earth": 0.859120, "edge": 0.054106}
2023-09-07 10:48:29,668 INFO Labeling the image as 'earth'.
2023-09-07 10:48:29,671 INFO Labeling the image using the 'noiser' model.
2023-09-07 10:48:29,672 INFO Running command for executable binary: /home/exp253/noiser -i /home/exp1000/img_msec_1694083677360_2_thumbnail.jpeg -w 3 -r 224x224 -t 1 -n 50 -q 100
2023-09-07 10:48:29,984 INFO Binary execution time:
real	0m 0.28s
user	0m 0.27s
sys	0m 0.00s
2023-09-07 10:48:29,986 INFO Classification results: {"noised": 10000, "_noise_factor": 50, "_noise_type": 1}
2023-09-07 10:48:29,988 INFO Labeling the image as 'noised'.
2023-09-07 10:48:29,991 INFO Labeling the image using the 'default2' model.
2023-09-07 10:48:29,992 INFO Running command to create input: /home/exp1000/bin/armhf/resizer/resize -i /home/exp1000/img_msec_1694083677360_2_thumbnail.jpeg -x 224 -y 224 -c 1 -q 90 -o /home/exp1000/img_msec_1694083677360_2_input.jpeg
2023-09-07 10:48:30,065 INFO Resized: 224 x 224 --> 224 x 224
2023-09-07 10:48:30,068 INFO Resize execution time:
real	0m 0.04s
user	0m 0.04s
sys	0m 0.00s
2023-09-07 10:48:30,070 INFO Running command to label the image: /home/exp1000/bin/armhf/tensorflow/lite/c/image_classifier /home/exp1000/img_msec_1694083677360_2_input.jpeg models/default/model.tflite models/default/labels.txt 224 224 0 255
2023-09-07 10:48:32,389 INFO Inference execution time:
real	0m 2.29s
user	0m 1.95s
sys	0m 0.25s
2023-09-07 10:48:32,392 INFO Model prediction results: {"bad": 0.919978, "earth": 0.045646, "edge": 0.034375}
2023-09-07 10:48:32,393 INFO Labeling the image as 'bad'.
2023-09-07 10:48:32,397 INFO Labeling the image using the 'denoiser' model.
2023-09-07 10:48:32,398 INFO Running command for executable binary: /home/exp253/denoiser -i /home/exp1000/img_msec_1694083677360_2_thumbnail.jpeg -w 3 -q 100 -m /home/exp253/models/denoiser_ae_fnp50.tflite
2023-09-07 10:49:04,115 INFO Binary execution time:
real	0m 31.69s
user	0m 30.30s
sys	0m 0.65s
2023-09-07 10:49:04,117 INFO Classification results: {"denoised": 1}
2023-09-07 10:49:04,119 INFO Labeling the image as 'denoised'.
2023-09-07 10:49:04,122 INFO Labeling the image using the 'default3' model.
2023-09-07 10:49:04,123 INFO Running command to create input: /home/exp1000/bin/armhf/resizer/resize -i /home/exp1000/img_msec_1694083677360_2_thumbnail.jpeg -x 224 -y 224 -c 1 -q 90 -o /home/exp1000/img_msec_1694083677360_2_input.jpeg
2023-09-07 10:49:04,184 INFO Resized: 224 x 224 --> 224 x 224
2023-09-07 10:49:04,187 INFO Resize execution time:
real	0m 0.03s
user	0m 0.03s
sys	0m 0.00s
2023-09-07 10:49:04,189 INFO Running command to label the image: /home/exp1000/bin/armhf/tensorflow/lite/c/image_classifier /home/exp1000/img_msec_1694083677360_2_input.jpeg models/default/model.tflite models/default/labels.txt 224 224 0 255
2023-09-07 10:49:06,452 INFO Inference execution time:
real	0m 2.23s
user	0m 1.96s
sys	0m 0.21s
2023-09-07 10:49:06,454 INFO Model prediction results: {"bad": 0.248107, "earth": 0.699713, "edge": 0.052180}
2023-09-07 10:49:06,455 INFO Labeling the image as 'earth'.
2023-09-07 10:49:06,461 INFO Keeping the image.
2023-09-07 10:49:06,844 INFO Running command to acquire an image: ims100_testapp -R 8 -G 8 -B 8 -c /dev/cam_tty -m /dev/cam_sd -v 0 -n 1 -p -e 2 >> /home/exp1000/logs/opssat_smartcam_20230907_102501.log 2>&1

ctrl port                    : /dev/cam_tty
data port                    : /dev/cam_sd
exposure time                : 2
number of images             : 1
milliseconds between images  : 0
bw img sensor                : 0
default conf                 : 1
video duration               : 0
gain (RGB)                   : 8 8 8
-------------------------


BST IMS100 Telemetry:
    version : 
    status  : 00
    temp[°C]: 0

Set config, Starting picture taking 
exit success
2023-09-07 10:49:34,051 INFO Acquired image: /home/exp1000/img_msec_1694083749762_2.png
2023-09-07 10:49:34,054 INFO Running command to create thumbnail: /home/exp1000/bin/armhf/resizer/resize -i /home/exp1000/img_msec_1694083749762_2.png -x 614 -y 583 -c 3 -q 90 -o /home/exp1000/img_msec_1694083749762_2_thumbnail.jpeg
2023-09-07 10:49:36,184 INFO Resized: 2048 x 1944 --> 614 x 583
2023-09-07 10:49:36,186 INFO Resize execution time:
real	0m 2.10s
user	0m 1.90s
sys	0m 0.16s
2023-09-07 10:49:36,191 INFO Labeling the image using the 'default' model.
2023-09-07 10:49:36,192 INFO Running command to create input: /home/exp1000/bin/armhf/resizer/resize -i /home/exp1000/img_msec_1694083749762_2_thumbnail.jpeg -x 224 -y 224 -c 1 -q 90 -o /home/exp1000/img_msec_1694083749762_2_input.jpeg
2023-09-07 10:49:36,311 INFO Resized: 614 x 583 --> 224 x 224
2023-09-07 10:49:36,315 INFO Resize execution time:
real	0m 0.09s
user	0m 0.07s
sys	0m 0.01s
2023-09-07 10:49:36,318 INFO Running command to label the image: /home/exp1000/bin/armhf/tensorflow/lite/c/image_classifier /home/exp1000/img_msec_1694083749762_2_input.jpeg models/default/model.tflite models/default/labels.txt 224 224 0 255
2023-09-07 10:49:38,637 INFO Inference execution time:
real	0m 2.29s
user	0m 1.98s
sys	0m 0.21s
2023-09-07 10:49:38,639 INFO Model prediction results: {"bad": 0.286543, "earth": 0.645080, "edge": 0.068377}
2023-09-07 10:49:38,640 INFO Insufficient prediction confidence level to label the image (the threshold is currently set to 0.70).
2023-09-07 10:49:38,645 INFO Ditching the image.
2023-09-07 10:49:38,660 INFO Removed file: /home/exp1000/img_msec_1694083749762_2.ims_rgb
2023-09-07 10:49:38,668 INFO Removed file: /home/exp1000/img_msec_1694083749762_2.png
2023-09-07 10:49:38,671 INFO Removed file: /home/exp1000/img_msec_1694083749762_2_input.jpeg
2023-09-07 10:49:38,672 INFO Removed file: /home/exp1000/img_msec_1694083749762_2_thumbnail.jpeg
2023-09-07 10:49:39,450 INFO Running command to acquire an image: ims100_testapp -R 8 -G 8 -B 8 -c /dev/cam_tty -m /dev/cam_sd -v 0 -n 1 -p -e 2 >> /home/exp1000/logs/opssat_smartcam_20230907_102501.log 2>&1

ctrl port                    : /dev/cam_tty
data port                    : /dev/cam_sd
exposure time                : 2
number of images             : 1
milliseconds between images  : 0
bw img sensor                : 0
default conf                 : 1
video duration               : 0
gain (RGB)                   : 8 8 8
-------------------------


BST IMS100 Telemetry:
    version : 
    status  : 00
    temp[°C]: 0

Set config, Starting picture taking 
exit success
2023-09-07 10:50:11,931 INFO Acquired image: /home/exp1000/img_msec_1694083782400_2.png
2023-09-07 10:50:11,933 INFO Running command to create thumbnail: /home/exp1000/bin/armhf/resizer/resize -i /home/exp1000/img_msec_1694083782400_2.png -x 614 -y 583 -c 3 -q 90 -o /home/exp1000/img_msec_1694083782400_2_thumbnail.jpeg
2023-09-07 10:50:14,162 INFO Resized: 2048 x 1944 --> 614 x 583
2023-09-07 10:50:14,164 INFO Resize execution time:
real	0m 2.20s
user	0m 1.96s
sys	0m 0.16s
2023-09-07 10:50:14,169 INFO Labeling the image using the 'default' model.
2023-09-07 10:50:14,170 INFO Running command to create input: /home/exp1000/bin/armhf/resizer/resize -i /home/exp1000/img_msec_1694083782400_2_thumbnail.jpeg -x 224 -y 224 -c 1 -q 90 -o /home/exp1000/img_msec_1694083782400_2_input.jpeg
2023-09-07 10:50:14,291 INFO Resized: 614 x 583 --> 224 x 224
2023-09-07 10:50:14,293 INFO Resize execution time:
real	0m 0.09s
user	0m 0.08s
sys	0m 0.00s
2023-09-07 10:50:14,296 INFO Running command to label the image: /home/exp1000/bin/armhf/tensorflow/lite/c/image_classifier /home/exp1000/img_msec_1694083782400_2_input.jpeg models/default/model.tflite models/default/labels.txt 224 224 0 255
2023-09-07 10:50:16,581 INFO Inference execution time:
real	0m 2.25s
user	0m 1.91s
sys	0m 0.28s
2023-09-07 10:50:16,583 INFO Model prediction results: {"bad": 0.121477, "earth": 0.842704, "edge": 0.035819}
2023-09-07 10:50:16,584 INFO Labeling the image as 'earth'.
2023-09-07 10:50:16,588 INFO Labeling the image using the 'noiser' model.
2023-09-07 10:50:16,589 INFO Running command for executable binary: /home/exp253/noiser -i /home/exp1000/img_msec_1694083782400_2_thumbnail.jpeg -w 3 -r 224x224 -t 1 -n 50 -q 100
2023-09-07 10:50:16,901 INFO Binary execution time:
real	0m 0.28s
user	0m 0.25s
sys	0m 0.02s
2023-09-07 10:50:16,903 INFO Classification results: {"noised": 10000, "_noise_factor": 50, "_noise_type": 1}
2023-09-07 10:50:16,905 INFO Labeling the image as 'noised'.
2023-09-07 10:50:16,908 INFO Labeling the image using the 'default2' model.
2023-09-07 10:50:16,910 INFO Running command to create input: /home/exp1000/bin/armhf/resizer/resize -i /home/exp1000/img_msec_1694083782400_2_thumbnail.jpeg -x 224 -y 224 -c 1 -q 90 -o /home/exp1000/img_msec_1694083782400_2_input.jpeg
2023-09-07 10:50:16,983 INFO Resized: 224 x 224 --> 224 x 224
2023-09-07 10:50:16,985 INFO Resize execution time:
real	0m 0.04s
user	0m 0.04s
sys	0m 0.00s
2023-09-07 10:50:16,988 INFO Running command to label the image: /home/exp1000/bin/armhf/tensorflow/lite/c/image_classifier /home/exp1000/img_msec_1694083782400_2_input.jpeg models/default/model.tflite models/default/labels.txt 224 224 0 255
2023-09-07 10:50:19,316 INFO Inference execution time:
real	0m 2.30s
user	0m 1.84s
sys	0m 0.36s
2023-09-07 10:50:19,319 INFO Model prediction results: {"bad": 0.945987, "earth": 0.038243, "edge": 0.015770}
2023-09-07 10:50:19,321 INFO Labeling the image as 'bad'.
2023-09-07 10:50:19,324 INFO Labeling the image using the 'denoiser' model.
2023-09-07 10:50:19,325 INFO Running command for executable binary: /home/exp253/denoiser -i /home/exp1000/img_msec_1694083782400_2_thumbnail.jpeg -w 3 -q 100 -m /home/exp253/models/denoiser_ae_fnp50.tflite
2023-09-07 10:50:51,734 INFO Binary execution time:
real	0m 32.38s
user	0m 31.04s
sys	0m 0.57s
2023-09-07 10:50:51,737 INFO Classification results: {"denoised": 1}
2023-09-07 10:50:51,739 INFO Labeling the image as 'denoised'.
2023-09-07 10:50:51,742 INFO Labeling the image using the 'default3' model.
2023-09-07 10:50:51,743 INFO Running command to create input: /home/exp1000/bin/armhf/resizer/resize -i /home/exp1000/img_msec_1694083782400_2_thumbnail.jpeg -x 224 -y 224 -c 1 -q 90 -o /home/exp1000/img_msec_1694083782400_2_input.jpeg
2023-09-07 10:50:51,804 INFO Resized: 224 x 224 --> 224 x 224
2023-09-07 10:50:51,807 INFO Resize execution time:
real	0m 0.03s
user	0m 0.03s
sys	0m 0.00s
2023-09-07 10:50:51,809 INFO Running command to label the image: /home/exp1000/bin/armhf/tensorflow/lite/c/image_classifier /home/exp1000/img_msec_1694083782400_2_input.jpeg models/default/model.tflite models/default/labels.txt 224 224 0 255
2023-09-07 10:50:54,107 INFO Inference execution time:
real	0m 2.27s
user	0m 1.96s
sys	0m 0.21s
2023-09-07 10:50:54,109 INFO Model prediction results: {"bad": 0.083743, "earth": 0.889316, "edge": 0.026941}
2023-09-07 10:50:54,111 INFO Labeling the image as 'earth'.
2023-09-07 10:50:54,117 INFO Keeping the image.
2023-09-07 10:50:54,499 INFO Running command to acquire an image: ims100_testapp -R 8 -G 8 -B 8 -c /dev/cam_tty -m /dev/cam_sd -v 0 -n 1 -p -e 2 >> /home/exp1000/logs/opssat_smartcam_20230907_102501.log 2>&1

ctrl port                    : /dev/cam_tty
data port                    : /dev/cam_sd
exposure time                : 2
number of images             : 1
milliseconds between images  : 0
bw img sensor                : 0
default conf                 : 1
video duration               : 0
gain (RGB)                   : 8 8 8
-------------------------


BST IMS100 Telemetry:
    version : 
    status  : 00
    temp[°C]: 0

Set config, Starting picture taking 
exit success
2023-09-07 10:51:19,772 INFO Acquired image: /home/exp1000/img_msec_1694083857441_2.png
2023-09-07 10:51:19,774 INFO Running command to create thumbnail: /home/exp1000/bin/armhf/resizer/resize -i /home/exp1000/img_msec_1694083857441_2.png -x 614 -y 583 -c 3 -q 90 -o /home/exp1000/img_msec_1694083857441_2_thumbnail.jpeg
2023-09-07 10:51:21,892 INFO Resized: 2048 x 1944 --> 614 x 583
2023-09-07 10:51:21,894 INFO Resize execution time:
real	0m 2.09s
user	0m 1.83s
sys	0m 0.21s
2023-09-07 10:51:21,899 INFO Labeling the image using the 'default' model.
2023-09-07 10:51:21,900 INFO Running command to create input: /home/exp1000/bin/armhf/resizer/resize -i /home/exp1000/img_msec_1694083857441_2_thumbnail.jpeg -x 224 -y 224 -c 1 -q 90 -o /home/exp1000/img_msec_1694083857441_2_input.jpeg
2023-09-07 10:51:22,018 INFO Resized: 614 x 583 --> 224 x 224
2023-09-07 10:51:22,021 INFO Resize execution time:
real	0m 0.09s
user	0m 0.07s
sys	0m 0.01s
2023-09-07 10:51:22,023 INFO Running command to label the image: /home/exp1000/bin/armhf/tensorflow/lite/c/image_classifier /home/exp1000/img_msec_1694083857441_2_input.jpeg models/default/model.tflite models/default/labels.txt 224 224 0 255
2023-09-07 10:51:24,339 INFO Inference execution time:
real	0m 2.28s
user	0m 1.96s
sys	0m 0.23s
2023-09-07 10:51:24,342 INFO Model prediction results: {"bad": 0.672918, "earth": 0.255990, "edge": 0.071092}
2023-09-07 10:51:24,344 INFO Insufficient prediction confidence level to label the image (the threshold is currently set to 0.70).
2023-09-07 10:51:24,350 INFO Ditching the image.
2023-09-07 10:51:24,364 INFO Removed file: /home/exp1000/img_msec_1694083857441_2.ims_rgb
2023-09-07 10:51:24,371 INFO Removed file: /home/exp1000/img_msec_1694083857441_2.png
2023-09-07 10:51:24,374 INFO Removed file: /home/exp1000/img_msec_1694083857441_2_input.jpeg
2023-09-07 10:51:24,376 INFO Removed file: /home/exp1000/img_msec_1694083857441_2_thumbnail.jpeg
2023-09-07 10:53:14,681 INFO Running command to acquire an image: ims100_testapp -R 8 -G 8 -B 8 -c /dev/cam_tty -m /dev/cam_sd -v 0 -n 1 -p -e 2 >> /home/exp1000/logs/opssat_smartcam_20230907_102501.log 2>&1

ctrl port                    : /dev/cam_tty
data port                    : /dev/cam_sd
exposure time                : 2
number of images             : 1
milliseconds between images  : 0
bw img sensor                : 0
default conf                 : 1
video duration               : 0
gain (RGB)                   : 8 8 8
-------------------------


BST IMS100 Telemetry:
    version : 
    status  : 00
    temp[°C]: 0

Set config, Starting picture taking 
exit success
2023-09-07 10:53:40,849 INFO Acquired image: /home/exp1000/img_msec_1694083997601_2.png
2023-09-07 10:53:40,851 INFO Running command to create thumbnail: /home/exp1000/bin/armhf/resizer/resize -i /home/exp1000/img_msec_1694083997601_2.png -x 614 -y 583 -c 3 -q 90 -o /home/exp1000/img_msec_1694083997601_2_thumbnail.jpeg
2023-09-07 10:53:43,022 INFO Resized: 2048 x 1944 --> 614 x 583
2023-09-07 10:53:43,024 INFO Resize execution time:
real	0m 2.14s
user	0m 1.88s
sys	0m 0.16s
2023-09-07 10:53:43,029 INFO Labeling the image using the 'default' model.
2023-09-07 10:53:43,030 INFO Running command to create input: /home/exp1000/bin/armhf/resizer/resize -i /home/exp1000/img_msec_1694083997601_2_thumbnail.jpeg -x 224 -y 224 -c 1 -q 90 -o /home/exp1000/img_msec_1694083997601_2_input.jpeg
2023-09-07 10:53:43,147 INFO Resized: 614 x 583 --> 224 x 224
2023-09-07 10:53:43,149 INFO Resize execution time:
real	0m 0.09s
user	0m 0.08s
sys	0m 0.00s
2023-09-07 10:53:43,152 INFO Running command to label the image: /home/exp1000/bin/armhf/tensorflow/lite/c/image_classifier /home/exp1000/img_msec_1694083997601_2_input.jpeg models/default/model.tflite models/default/labels.txt 224 224 0 255
2023-09-07 10:53:45,417 INFO Inference execution time:
real	0m 2.23s
user	0m 1.95s
sys	0m 0.23s
2023-09-07 10:53:45,419 INFO Model prediction results: {"bad": 0.890152, "earth": 0.066749, "edge": 0.043099}
2023-09-07 10:53:45,421 INFO Labeling the image as 'bad'.
2023-09-07 10:53:45,426 INFO Ditching the image.
2023-09-07 10:53:45,440 INFO Removed file: /home/exp1000/img_msec_1694083997601_2.ims_rgb
2023-09-07 10:53:45,447 INFO Removed file: /home/exp1000/img_msec_1694083997601_2.png
2023-09-07 10:53:45,450 INFO Removed file: /home/exp1000/img_msec_1694083997601_2_input.jpeg
2023-09-07 10:53:45,452 INFO Removed file: /home/exp1000/img_msec_1694083997601_2_thumbnail.jpeg
2023-09-07 10:53:46,231 INFO Running command to acquire an image: ims100_testapp -R 8 -G 8 -B 8 -c /dev/cam_tty -m /dev/cam_sd -v 0 -n 1 -p -e 2 >> /home/exp1000/logs/opssat_smartcam_20230907_102501.log 2>&1

ctrl port                    : /dev/cam_tty
data port                    : /dev/cam_sd
exposure time                : 2
number of images             : 1
milliseconds between images  : 0
bw img sensor                : 0
default conf                 : 1
video duration               : 0
gain (RGB)                   : 8 8 8
-------------------------


BST IMS100 Telemetry:
    version : 
    status  : 00
    temp[°C]: 0

Set config, Starting picture taking 
exit success
2023-09-07 10:54:17,081 INFO Acquired image: /home/exp1000/img_msec_1694084029201_2.png
2023-09-07 10:54:17,083 INFO Running command to create thumbnail: /home/exp1000/bin/armhf/resizer/resize -i /home/exp1000/img_msec_1694084029201_2.png -x 614 -y 583 -c 3 -q 90 -o /home/exp1000/img_msec_1694084029201_2_thumbnail.jpeg
2023-09-07 10:54:21,338 INFO Resized: 2048 x 1944 --> 614 x 583
2023-09-07 10:54:21,340 INFO Resize execution time:
real	0m 4.22s
user	0m 1.98s
sys	0m 0.16s
2023-09-07 10:54:21,345 INFO Labeling the image using the 'default' model.
2023-09-07 10:54:21,357 INFO Running command to create input: /home/exp1000/bin/armhf/resizer/resize -i /home/exp1000/img_msec_1694084029201_2_thumbnail.jpeg -x 224 -y 224 -c 1 -q 90 -o /home/exp1000/img_msec_1694084029201_2_input.jpeg
2023-09-07 10:54:21,592 INFO Resized: 614 x 583 --> 224 x 224
2023-09-07 10:54:21,594 INFO Resize execution time:
real	0m 0.21s
user	0m 0.08s
sys	0m 0.01s
2023-09-07 10:54:21,600 INFO Running command to label the image: /home/exp1000/bin/armhf/tensorflow/lite/c/image_classifier /home/exp1000/img_msec_1694084029201_2_input.jpeg models/default/model.tflite models/default/labels.txt 224 224 0 255
2023-09-07 10:54:25,266 INFO Inference execution time:
real	0m 3.61s
user	0m 2.03s
sys	0m 0.18s
2023-09-07 10:54:25,268 INFO Model prediction results: {"bad": 0.565659, "earth": 0.399951, "edge": 0.034389}
2023-09-07 10:54:25,270 INFO Insufficient prediction confidence level to label the image (the threshold is currently set to 0.70).
2023-09-07 10:54:25,275 INFO Ditching the image.
2023-09-07 10:54:25,289 INFO Removed file: /home/exp1000/img_msec_1694084029201_2.ims_rgb
2023-09-07 10:54:25,297 INFO Removed file: /home/exp1000/img_msec_1694084029201_2.png
2023-09-07 10:54:25,300 INFO Removed file: /home/exp1000/img_msec_1694084029201_2_input.jpeg
2023-09-07 10:54:25,301 INFO Removed file: /home/exp1000/img_msec_1694084029201_2_thumbnail.jpeg
2023-09-07 10:54:26,081 INFO Running command to acquire an image: ims100_testapp -R 8 -G 8 -B 8 -c /dev/cam_tty -m /dev/cam_sd -v 0 -n 1 -p -e 2 >> /home/exp1000/logs/opssat_smartcam_20230907_102501.log 2>&1

ctrl port                    : /dev/cam_tty
data port                    : /dev/cam_sd
exposure time                : 2
number of images             : 1
milliseconds between images  : 0
bw img sensor                : 0
default conf                 : 1
video duration               : 0
gain (RGB)                   : 8 8 8
-------------------------


BST IMS100 Telemetry:
    version : 
    status  : 00
    temp[°C]: 0

Set config, Starting picture taking 
exit success
2023-09-07 10:54:57,238 INFO Acquired image: /home/exp1000/img_msec_1694084069041_2.png
2023-09-07 10:54:57,240 INFO Running command to create thumbnail: /home/exp1000/bin/armhf/resizer/resize -i /home/exp1000/img_msec_1694084069041_2.png -x 614 -y 583 -c 3 -q 90 -o /home/exp1000/img_msec_1694084069041_2_thumbnail.jpeg
2023-09-07 10:54:59,410 INFO Resized: 2048 x 1944 --> 614 x 583
2023-09-07 10:54:59,413 INFO Resize execution time:
real	0m 2.14s
user	0m 1.94s
sys	0m 0.14s
2023-09-07 10:54:59,417 INFO Labeling the image using the 'default' model.
2023-09-07 10:54:59,419 INFO Running command to create input: /home/exp1000/bin/armhf/resizer/resize -i /home/exp1000/img_msec_1694084069041_2_thumbnail.jpeg -x 224 -y 224 -c 1 -q 90 -o /home/exp1000/img_msec_1694084069041_2_input.jpeg
2023-09-07 10:54:59,540 INFO Resized: 614 x 583 --> 224 x 224
2023-09-07 10:54:59,542 INFO Resize execution time:
real	0m 0.09s
user	0m 0.08s
sys	0m 0.00s
2023-09-07 10:54:59,544 INFO Running command to label the image: /home/exp1000/bin/armhf/tensorflow/lite/c/image_classifier /home/exp1000/img_msec_1694084069041_2_input.jpeg models/default/model.tflite models/default/labels.txt 224 224 0 255
2023-09-07 10:55:01,809 INFO Inference execution time:
real	0m 2.23s
user	0m 2.00s
sys	0m 0.18s
2023-09-07 10:55:01,811 INFO Model prediction results: {"bad": 0.412775, "earth": 0.534993, "edge": 0.052233}
2023-09-07 10:55:01,813 INFO Insufficient prediction confidence level to label the image (the threshold is currently set to 0.70).
2023-09-07 10:55:01,819 INFO Ditching the image.
2023-09-07 10:55:01,832 INFO Removed file: /home/exp1000/img_msec_1694084069041_2.ims_rgb
2023-09-07 10:55:01,840 INFO Removed file: /home/exp1000/img_msec_1694084069041_2.png
2023-09-07 10:55:01,843 INFO Removed file: /home/exp1000/img_msec_1694084069041_2_input.jpeg
2023-09-07 10:55:01,844 INFO Removed file: /home/exp1000/img_msec_1694084069041_2_thumbnail.jpeg
2023-09-07 10:55:02,621 INFO Running command to acquire an image: ims100_testapp -R 8 -G 8 -B 8 -c /dev/cam_tty -m /dev/cam_sd -v 0 -n 1 -p -e 2 >> /home/exp1000/logs/opssat_smartcam_20230907_102501.log 2>&1

ctrl port                    : /dev/cam_tty
data port                    : /dev/cam_sd
exposure time                : 2
number of images             : 1
milliseconds between images  : 0
bw img sensor                : 0
default conf                 : 1
video duration               : 0
gain (RGB)                   : 8 8 8
-------------------------


BST IMS100 Telemetry:
    version : 
    status  : 00
    temp[°C]: 0

Set config, Starting picture taking 
exit success
2023-09-07 10:55:34,179 INFO Acquired image: /home/exp1000/img_msec_1694084105519_2.png
2023-09-07 10:55:34,182 INFO Running command to create thumbnail: /home/exp1000/bin/armhf/resizer/resize -i /home/exp1000/img_msec_1694084105519_2.png -x 614 -y 583 -c 3 -q 90 -o /home/exp1000/img_msec_1694084105519_2_thumbnail.jpeg
2023-09-07 10:55:36,356 INFO Resized: 2048 x 1944 --> 614 x 583
2023-09-07 10:55:36,359 INFO Resize execution time:
real	0m 2.14s
user	0m 1.90s
sys	0m 0.20s
2023-09-07 10:55:36,363 INFO Labeling the image using the 'default' model.
2023-09-07 10:55:36,364 INFO Running command to create input: /home/exp1000/bin/armhf/resizer/resize -i /home/exp1000/img_msec_1694084105519_2_thumbnail.jpeg -x 224 -y 224 -c 1 -q 90 -o /home/exp1000/img_msec_1694084105519_2_input.jpeg
2023-09-07 10:55:36,486 INFO Resized: 614 x 583 --> 224 x 224
2023-09-07 10:55:36,489 INFO Resize execution time:
real	0m 0.09s
user	0m 0.08s
sys	0m 0.00s
2023-09-07 10:55:36,491 INFO Running command to label the image: /home/exp1000/bin/armhf/tensorflow/lite/c/image_classifier /home/exp1000/img_msec_1694084105519_2_input.jpeg models/default/model.tflite models/default/labels.txt 224 224 0 255
2023-09-07 10:55:38,808 INFO Inference execution time:
real	0m 2.29s
user	0m 1.96s
sys	0m 0.23s
2023-09-07 10:55:38,810 INFO Model prediction results: {"bad": 0.290821, "earth": 0.671038, "edge": 0.038141}
2023-09-07 10:55:38,812 INFO Insufficient prediction confidence level to label the image (the threshold is currently set to 0.70).
2023-09-07 10:55:38,818 INFO Ditching the image.
2023-09-07 10:55:38,832 INFO Removed file: /home/exp1000/img_msec_1694084105519_2.ims_rgb
2023-09-07 10:55:38,840 INFO Removed file: /home/exp1000/img_msec_1694084105519_2.png
2023-09-07 10:55:38,843 INFO Removed file: /home/exp1000/img_msec_1694084105519_2_input.jpeg
2023-09-07 10:55:38,844 INFO Removed file: /home/exp1000/img_msec_1694084105519_2_thumbnail.jpeg
2023-09-07 10:55:59,247 INFO Running command to acquire an image: ims100_testapp -R 8 -G 8 -B 8 -c /dev/cam_tty -m /dev/cam_sd -v 0 -n 1 -p -e 2 >> /home/exp1000/logs/opssat_smartcam_20230907_102501.log 2>&1

ctrl port                    : /dev/cam_tty
data port                    : /dev/cam_sd
exposure time                : 2
number of images             : 1
milliseconds between images  : 0
bw img sensor                : 0
default conf                 : 1
video duration               : 0
gain (RGB)                   : 8 8 8
-------------------------


BST IMS100 Telemetry:
    version : 
    status  : 00
    temp[°C]: 0

Set config, Starting picture taking 
exit success
2023-09-07 10:56:27,310 INFO Acquired image: /home/exp1000/img_msec_1694084162162_2.png
2023-09-07 10:56:27,319 INFO Running command to create thumbnail: /home/exp1000/bin/armhf/resizer/resize -i /home/exp1000/img_msec_1694084162162_2.png -x 614 -y 583 -c 3 -q 90 -o /home/exp1000/img_msec_1694084162162_2_thumbnail.jpeg
2023-09-07 10:56:29,450 INFO Resized: 2048 x 1944 --> 614 x 583
2023-09-07 10:56:29,452 INFO Resize execution time:
real	0m 2.09s
user	0m 1.91s
sys	0m 0.13s
2023-09-07 10:56:29,457 INFO Labeling the image using the 'default' model.
2023-09-07 10:56:29,459 INFO Running command to create input: /home/exp1000/bin/armhf/resizer/resize -i /home/exp1000/img_msec_1694084162162_2_thumbnail.jpeg -x 224 -y 224 -c 1 -q 90 -o /home/exp1000/img_msec_1694084162162_2_input.jpeg
2023-09-07 10:56:29,580 INFO Resized: 614 x 583 --> 224 x 224
2023-09-07 10:56:29,582 INFO Resize execution time:
real	0m 0.09s
user	0m 0.08s
sys	0m 0.01s
2023-09-07 10:56:29,585 INFO Running command to label the image: /home/exp1000/bin/armhf/tensorflow/lite/c/image_classifier /home/exp1000/img_msec_1694084162162_2_input.jpeg models/default/model.tflite models/default/labels.txt 224 224 0 255
2023-09-07 10:56:31,870 INFO Inference execution time:
real	0m 2.25s
user	0m 1.95s
sys	0m 0.24s
2023-09-07 10:56:31,872 INFO Model prediction results: {"bad": 0.129894, "earth": 0.831075, "edge": 0.039031}
2023-09-07 10:56:31,874 INFO Labeling the image as 'earth'.
2023-09-07 10:56:31,877 INFO Labeling the image using the 'noiser' model.
2023-09-07 10:56:31,879 INFO Running command for executable binary: /home/exp253/noiser -i /home/exp1000/img_msec_1694084162162_2_thumbnail.jpeg -w 3 -r 224x224 -t 1 -n 50 -q 100
2023-09-07 10:56:32,210 INFO Binary execution time:
real	0m 0.30s
user	0m 0.27s
sys	0m 0.00s
2023-09-07 10:56:32,212 INFO Classification results: {"noised": 10000, "_noise_factor": 50, "_noise_type": 1}
2023-09-07 10:56:32,214 INFO Labeling the image as 'noised'.
2023-09-07 10:56:32,217 INFO Labeling the image using the 'default2' model.
2023-09-07 10:56:32,219 INFO Running command to create input: /home/exp1000/bin/armhf/resizer/resize -i /home/exp1000/img_msec_1694084162162_2_thumbnail.jpeg -x 224 -y 224 -c 1 -q 90 -o /home/exp1000/img_msec_1694084162162_2_input.jpeg
2023-09-07 10:56:32,292 INFO Resized: 224 x 224 --> 224 x 224
2023-09-07 10:56:32,294 INFO Resize execution time:
real	0m 0.04s
user	0m 0.04s
sys	0m 0.00s
2023-09-07 10:56:32,297 INFO Running command to label the image: /home/exp1000/bin/armhf/tensorflow/lite/c/image_classifier /home/exp1000/img_msec_1694084162162_2_input.jpeg models/default/model.tflite models/default/labels.txt 224 224 0 255
2023-09-07 10:56:34,602 INFO Inference execution time:
real	0m 2.25s
user	0m 1.89s
sys	0m 0.31s
2023-09-07 10:56:34,605 INFO Model prediction results: {"bad": 0.925919, "earth": 0.040939, "edge": 0.033142}
2023-09-07 10:56:34,608 INFO Labeling the image as 'bad'.
2023-09-07 10:56:34,611 INFO Labeling the image using the 'denoiser' model.
2023-09-07 10:56:34,612 INFO Running command for executable binary: /home/exp253/denoiser -i /home/exp1000/img_msec_1694084162162_2_thumbnail.jpeg -w 3 -q 100 -m /home/exp253/models/denoiser_ae_fnp50.tflite
2023-09-07 10:57:06,884 INFO Binary execution time:
real	0m 32.24s
user	0m 30.90s
sys	0m 0.59s
2023-09-07 10:57:06,886 INFO Classification results: {"denoised": 1}
2023-09-07 10:57:06,888 INFO Labeling the image as 'denoised'.
2023-09-07 10:57:06,891 INFO Labeling the image using the 'default3' model.
2023-09-07 10:57:06,892 INFO Running command to create input: /home/exp1000/bin/armhf/resizer/resize -i /home/exp1000/img_msec_1694084162162_2_thumbnail.jpeg -x 224 -y 224 -c 1 -q 90 -o /home/exp1000/img_msec_1694084162162_2_input.jpeg
2023-09-07 10:57:06,952 INFO Resized: 224 x 224 --> 224 x 224
2023-09-07 10:57:06,954 INFO Resize execution time:
real	0m 0.03s
user	0m 0.02s
sys	0m 0.01s
2023-09-07 10:57:06,957 INFO Running command to label the image: /home/exp1000/bin/armhf/tensorflow/lite/c/image_classifier /home/exp1000/img_msec_1694084162162_2_input.jpeg models/default/model.tflite models/default/labels.txt 224 224 0 255
2023-09-07 10:57:09,267 INFO Inference execution time:
real	0m 2.28s
user	0m 1.90s
sys	0m 0.28s
2023-09-07 10:57:09,269 INFO Model prediction results: {"bad": 0.089675, "earth": 0.875653, "edge": 0.034671}
2023-09-07 10:57:09,271 INFO Labeling the image as 'earth'.
2023-09-07 10:57:09,277 INFO Keeping the image.
2023-09-07 11:10:00,851 INFO Stop experiment triggered: exiting the image acquisition loop and shutting down the app.
2023-09-07 11:10:00,890 INFO Disk usage:
Filesystem                Size      Used Available Use% Mounted on
/dev/root               975.9M    779.2M    129.5M  86% /
devtmpfs                239.2M         0    239.2M   0% /dev
tmpfs                   247.7M         0    247.7M   0% /dev/shm
tmpfs                   247.7M      9.6M    238.0M   4% /run
tmpfs                   247.7M         0    247.7M   0% /sys/fs/cgroup
tmpfs                   247.7M     20.4M    227.3M   8% /esoc-apps-flash/fms/filestore
tmpfs                   247.7M     98.5M    149.2M  40% /var/volatile
tmpfs                   247.7M     98.5M    149.2M  40% /tmp
tmpfs                   247.7M     98.5M    149.2M  40% /var/cache
tmpfs                   247.7M     98.5M    149.2M  40% /var/spool
tmpfs                    49.5M         0     49.5M   0% /run/user/0
tmpfs                   247.7M     61.1M    186.5M  25% /overlay
overlay                 247.7M     61.1M    186.5M  25% /home
overlay                 247.7M     98.5M    149.2M  40% /etc
overlay                 247.7M     98.5M    149.2M  40% /var
overlay                 247.7M     98.5M    149.2M  40% /usr
overlay                 247.7M     98.5M    149.2M  40% /lib
overlay                 247.7M     98.5M    149.2M  40% /esoc-apps-flash/space_shell
/dev/mmcblk0p3            3.9G      1.6G      2.1G  43% /tmp/mmc3
tmpfs                   247.7M    140.0K    247.5M   0% /home/exp172

2023-09-07 11:10:00,908 INFO Tarring 27 file(s) for downlink.
